{"/home/travis/build/npmtest/node-npmtest-facebook-node-sdk/test.js":{"path":"/home/travis/build/npmtest/node-npmtest-facebook-node-sdk/test.js","s":{"1":2,"2":2,"3":2,"4":2,"5":2,"6":2,"7":2,"8":1,"9":2,"10":2,"11":1,"12":1,"13":1,"14":1,"15":2,"16":2,"17":2,"18":2,"19":1,"20":1,"21":2,"22":2,"23":2,"24":1,"25":1,"26":1,"27":1,"28":1,"29":1,"30":1,"31":1,"32":1,"33":1,"34":1,"35":1,"36":1,"37":1,"38":1,"39":2,"40":2,"41":1,"42":2,"43":2,"44":1,"45":2,"46":2,"47":1,"48":2,"49":2,"50":1,"51":1,"52":1,"53":1,"54":1},"b":{"1":[2,1,1,1],"2":[1,1,1,1],"3":[1,1],"4":[1,1],"5":[1,1],"6":[1,1],"7":[1,1],"8":[1,1],"9":[1,1],"10":[1,1,1],"11":[1,1],"12":[1,1],"13":[1,1],"14":[1,1],"15":[1,1],"16":[1,1],"17":[1,1]},"f":{"1":2,"2":2,"3":2,"4":2,"5":2,"6":1,"7":1,"8":1,"9":2,"10":2,"11":2,"12":2,"13":1},"fnMap":{"1":{"name":"(anonymous_1)","line":12,"loc":{"start":{"line":12,"column":1},"end":{"line":12,"column":13}}},"2":{"name":"(anonymous_2)","line":19,"loc":{"start":{"line":19,"column":5},"end":{"line":19,"column":17}}},"3":{"name":"(anonymous_3)","line":23,"loc":{"start":{"line":23,"column":24},"end":{"line":23,"column":36}}},"4":{"name":"(anonymous_4)","line":61,"loc":{"start":{"line":61,"column":5},"end":{"line":61,"column":17}}},"5":{"name":"(anonymous_5)","line":82,"loc":{"start":{"line":82,"column":5},"end":{"line":82,"column":17}}},"6":{"name":"(anonymous_6)","line":91,"loc":{"start":{"line":91,"column":77},"end":{"line":94,"column":10}}},"7":{"name":"(anonymous_7)","line":112,"loc":{"start":{"line":112,"column":83},"end":{"line":115,"column":10}},"skip":true},"8":{"name":"(anonymous_8)","line":123,"loc":{"start":{"line":123,"column":77},"end":{"line":126,"column":10}},"skip":true},"9":{"name":"(anonymous_9)","line":139,"loc":{"start":{"line":139,"column":12},"end":{"line":139,"column":40}},"skip":true},"10":{"name":"(anonymous_10)","line":147,"loc":{"start":{"line":147,"column":77},"end":{"line":150,"column":10}},"skip":true},"11":{"name":"(anonymous_11)","line":158,"loc":{"start":{"line":158,"column":83},"end":{"line":161,"column":10}},"skip":true},"12":{"name":"(anonymous_12)","line":169,"loc":{"start":{"line":169,"column":79},"end":{"line":172,"column":10}},"skip":true},"13":{"name":"(anonymous_13)","line":180,"loc":{"start":{"line":180,"column":75},"end":{"line":183,"column":10}},"skip":true}},"statementMap":{"1":{"start":{"line":12,"column":0},"end":{"line":195,"column":5}},"2":{"start":{"line":14,"column":4},"end":{"line":14,"column":14}},"3":{"start":{"line":19,"column":4},"end":{"line":56,"column":9}},"4":{"start":{"line":21,"column":8},"end":{"line":21,"column":19}},"5":{"start":{"line":23,"column":8},"end":{"line":35,"column":13}},"6":{"start":{"line":24,"column":12},"end":{"line":34,"column":13}},"7":{"start":{"line":25,"column":16},"end":{"line":28,"column":30}},"8":{"start":{"line":30,"column":16},"end":{"line":33,"column":27}},"9":{"start":{"line":37,"column":8},"end":{"line":39,"column":21}},"10":{"start":{"line":40,"column":8},"end":{"line":53,"column":9}},"11":{"start":{"line":43,"column":12},"end":{"line":46,"column":14}},"12":{"start":{"line":47,"column":12},"end":{"line":47,"column":18}},"13":{"start":{"line":50,"column":12},"end":{"line":51,"column":33}},"14":{"start":{"line":52,"column":12},"end":{"line":52,"column":18}},"15":{"start":{"line":55,"column":8},"end":{"line":55,"column":35}},"16":{"start":{"line":61,"column":4},"end":{"line":63,"column":9}},"17":{"start":{"line":62,"column":8},"end":{"line":62,"column":15}},"18":{"start":{"line":64,"column":4},"end":{"line":77,"column":5}},"19":{"start":{"line":70,"column":8},"end":{"line":70,"column":14}},"20":{"start":{"line":76,"column":8},"end":{"line":76,"column":14}},"21":{"start":{"line":82,"column":4},"end":{"line":84,"column":9}},"22":{"start":{"line":83,"column":8},"end":{"line":83,"column":15}},"23":{"start":{"line":85,"column":4},"end":{"line":194,"column":5}},"24":{"start":{"line":91,"column":8},"end":{"line":99,"column":10}},"25":{"start":{"line":98,"column":12},"end":{"line":98,"column":35}},"26":{"start":{"line":102,"column":8},"end":{"line":104,"column":63}},"27":{"start":{"line":105,"column":8},"end":{"line":105,"column":14}},"28":{"start":{"line":112,"column":8},"end":{"line":121,"column":10},"skip":true},"29":{"start":{"line":119,"column":12},"end":{"line":119,"column":55},"skip":true},"30":{"start":{"line":120,"column":12},"end":{"line":120,"column":48},"skip":true},"31":{"start":{"line":123,"column":8},"end":{"line":136,"column":10},"skip":true},"32":{"start":{"line":130,"column":12},"end":{"line":130,"column":76},"skip":true},"33":{"start":{"line":131,"column":12},"end":{"line":131,"column":73},"skip":true},"34":{"start":{"line":132,"column":12},"end":{"line":132,"column":74},"skip":true},"35":{"start":{"line":133,"column":12},"end":{"line":133,"column":79},"skip":true},"36":{"start":{"line":134,"column":12},"end":{"line":134,"column":25},"skip":true},"37":{"start":{"line":135,"column":12},"end":{"line":135,"column":45},"skip":true},"38":{"start":{"line":138,"column":8},"end":{"line":145,"column":14},"skip":true},"39":{"start":{"line":143,"column":16},"end":{"line":143,"column":29},"skip":true},"40":{"start":{"line":144,"column":16},"end":{"line":144,"column":55},"skip":true},"41":{"start":{"line":147,"column":8},"end":{"line":156,"column":10},"skip":true},"42":{"start":{"line":154,"column":12},"end":{"line":154,"column":25},"skip":true},"43":{"start":{"line":155,"column":12},"end":{"line":155,"column":45},"skip":true},"44":{"start":{"line":158,"column":8},"end":{"line":167,"column":10},"skip":true},"45":{"start":{"line":165,"column":12},"end":{"line":165,"column":25},"skip":true},"46":{"start":{"line":166,"column":12},"end":{"line":166,"column":48},"skip":true},"47":{"start":{"line":169,"column":8},"end":{"line":178,"column":10},"skip":true},"48":{"start":{"line":176,"column":12},"end":{"line":176,"column":25},"skip":true},"49":{"start":{"line":177,"column":12},"end":{"line":177,"column":46},"skip":true},"50":{"start":{"line":180,"column":8},"end":{"line":189,"column":10},"skip":true},"51":{"start":{"line":187,"column":12},"end":{"line":187,"column":94},"skip":true},"52":{"start":{"line":188,"column":12},"end":{"line":188,"column":48},"skip":true},"53":{"start":{"line":192,"column":8},"end":{"line":192,"column":35},"skip":true},"54":{"start":{"line":193,"column":8},"end":{"line":193,"column":14},"skip":true}},"branchMap":{"1":{"line":25,"type":"binary-expr","locations":[{"start":{"line":25,"column":23},"end":{"line":25,"column":62}},{"start":{"line":26,"column":20},"end":{"line":26,"column":70}},{"start":{"line":27,"column":20},"end":{"line":27,"column":71}},{"start":{"line":28,"column":20},"end":{"line":28,"column":29}}]},"2":{"line":30,"type":"binary-expr","locations":[{"start":{"line":30,"column":23},"end":{"line":30,"column":37}},{"start":{"line":31,"column":20},"end":{"line":31,"column":61}},{"start":{"line":32,"column":20},"end":{"line":32,"column":70}},{"start":{"line":33,"column":20},"end":{"line":33,"column":26}}]},"3":{"line":37,"type":"cond-expr","locations":[{"start":{"line":38,"column":14},"end":{"line":38,"column":20}},{"start":{"line":39,"column":14},"end":{"line":39,"column":20}}]},"4":{"line":40,"type":"switch","locations":[{"start":{"line":42,"column":8},"end":{"line":47,"column":18}},{"start":{"line":49,"column":8},"end":{"line":52,"column":18}}]},"5":{"line":44,"type":"binary-expr","locations":[{"start":{"line":44,"column":16},"end":{"line":44,"column":44}},{"start":{"line":44,"column":48},"end":{"line":44,"column":66}}]},"6":{"line":50,"type":"binary-expr","locations":[{"start":{"line":50,"column":21},"end":{"line":50,"column":49}},{"start":{"line":50,"column":53},"end":{"line":50,"column":72}}]},"7":{"line":64,"type":"switch","locations":[{"start":{"line":69,"column":4},"end":{"line":70,"column":14}},{"start":{"line":75,"column":4},"end":{"line":76,"column":14}}]},"8":{"line":85,"type":"switch","locations":[{"start":{"line":90,"column":4},"end":{"line":105,"column":14}},{"start":{"line":111,"column":4},"end":{"line":193,"column":14},"skip":true}]},"9":{"line":91,"type":"binary-expr","locations":[{"start":{"line":91,"column":42},"end":{"line":91,"column":73}},{"start":{"line":91,"column":77},"end":{"line":99,"column":9}}]},"10":{"line":102,"type":"binary-expr","locations":[{"start":{"line":102,"column":18},"end":{"line":102,"column":32}},{"start":{"line":103,"column":12},"end":{"line":103,"column":53}},{"start":{"line":104,"column":12},"end":{"line":104,"column":61}}]},"11":{"line":112,"type":"binary-expr","locations":[{"start":{"line":112,"column":45},"end":{"line":112,"column":79},"skip":true},{"start":{"line":112,"column":83},"end":{"line":121,"column":9},"skip":true}]},"12":{"line":123,"type":"binary-expr","locations":[{"start":{"line":123,"column":42},"end":{"line":123,"column":73},"skip":true},{"start":{"line":123,"column":77},"end":{"line":136,"column":9},"skip":true}]},"13":{"line":138,"type":"binary-expr","locations":[{"start":{"line":138,"column":48},"end":{"line":138,"column":85},"skip":true},{"start":{"line":139,"column":12},"end":{"line":145,"column":13},"skip":true}]},"14":{"line":147,"type":"binary-expr","locations":[{"start":{"line":147,"column":42},"end":{"line":147,"column":73},"skip":true},{"start":{"line":147,"column":77},"end":{"line":156,"column":9},"skip":true}]},"15":{"line":158,"type":"binary-expr","locations":[{"start":{"line":158,"column":45},"end":{"line":158,"column":79},"skip":true},{"start":{"line":158,"column":83},"end":{"line":167,"column":9},"skip":true}]},"16":{"line":169,"type":"binary-expr","locations":[{"start":{"line":169,"column":43},"end":{"line":169,"column":75},"skip":true},{"start":{"line":169,"column":79},"end":{"line":178,"column":9},"skip":true}]},"17":{"line":180,"type":"binary-expr","locations":[{"start":{"line":180,"column":41},"end":{"line":180,"column":71},"skip":true},{"start":{"line":180,"column":75},"end":{"line":189,"column":9},"skip":true}]}},"code":["/* istanbul instrument in package npmtest_facebook_node_sdk */","/*jslint","    bitwise: true,","    browser: true,","    maxerr: 8,","    maxlen: 96,","    node: true,","    nomen: true,","    regexp: true,","    stupid: true","*/","(function () {","    'use strict';","    var local;","","","","    // run shared js-env code - init-before","    (function () {","        // init local","        local = {};","        // init modeJs","        local.modeJs = (function () {","            try {","                return typeof navigator.userAgent === 'string' &&","                    typeof document.querySelector('body') === 'object' &&","                    typeof XMLHttpRequest.prototype.open === 'function' &&","                    'browser';","            } catch (errorCaughtBrowser) {","                return module.exports &&","                    typeof process.versions.node === 'string' &&","                    typeof require('http').createServer === 'function' &&","                    'node';","            }","        }());","        // init global","        local.global = local.modeJs === 'browser'","            ? window","            : global;","        switch (local.modeJs) {","        // re-init local from window.local","        case 'browser':","            local = local.global.utility2.objectSetDefault(","                local.global.utility2_rollup || local.global.local,","                local.global.utility2","            );","            break;","        // re-init local from example.js","        case 'node':","            local = (local.global.utility2_rollup || require('utility2'))","                .requireReadme();","            break;","        }","        // export local","        local.global.local = local;","    }());","","","","    // run shared js-env code - function","    (function () {","        return;","    }());","    switch (local.modeJs) {","","","","    // run browser js-env code - function","    case 'browser':","        break;","","","","    // run node js-env code - function","    case 'node':","        break;","    }","","","","    // run shared js-env code - init-after","    (function () {","        return;","    }());","    switch (local.modeJs) {","","","","    // run browser js-env code - init-after","    case 'browser':","        local.testCase_browser_nullCase = local.testCase_browser_nullCase || function (","            options,","            onError","        ) {","        /*","         * this function will test browsers's null-case handling-behavior-behavior","         */","            onError(null, options);","        };","","        // run tests","        local.nop(local.modeTest &&","            document.querySelector('#testRunButton1') &&","            document.querySelector('#testRunButton1').click());","        break;","","","","    // run node js-env code - init-after","    /* istanbul ignore next */","    case 'node':","        local.testCase_buildApidoc_default = local.testCase_buildApidoc_default || function (","            options,","            onError","        ) {","        /*","         * this function will test buildApidoc's default handling-behavior-behavior","         */","            options = { modulePathList: module.paths };","            local.buildApidoc(options, onError);","        };","","        local.testCase_buildApp_default = local.testCase_buildApp_default || function (","            options,","            onError","        ) {","        /*","         * this function will test buildApp's default handling-behavior-behavior","         */","            local.testCase_buildReadme_default(options, local.onErrorThrow);","            local.testCase_buildLib_default(options, local.onErrorThrow);","            local.testCase_buildTest_default(options, local.onErrorThrow);","            local.testCase_buildCustomOrg_default(options, local.onErrorThrow);","            options = [];","            local.buildApp(options, onError);","        };","","        local.testCase_buildCustomOrg_default = local.testCase_buildCustomOrg_default ||","            function (options, onError) {","            /*","             * this function will test buildCustomOrg's default handling-behavior","             */","                options = {};","                local.buildCustomOrg(options, onError);","            };","","        local.testCase_buildLib_default = local.testCase_buildLib_default || function (","            options,","            onError","        ) {","        /*","         * this function will test buildLib's default handling-behavior","         */","            options = {};","            local.buildLib(options, onError);","        };","","        local.testCase_buildReadme_default = local.testCase_buildReadme_default || function (","            options,","            onError","        ) {","        /*","         * this function will test buildReadme's default handling-behavior-behavior","         */","            options = {};","            local.buildReadme(options, onError);","        };","","        local.testCase_buildTest_default = local.testCase_buildTest_default || function (","            options,","            onError","        ) {","        /*","         * this function will test buildTest's default handling-behavior","         */","            options = {};","            local.buildTest(options, onError);","        };","","        local.testCase_webpage_default = local.testCase_webpage_default || function (","            options,","            onError","        ) {","        /*","         * this function will test webpage's default handling-behavior","         */","            options = { modeCoverageMerge: true, url: local.serverLocalHost + '?modeTest=1' };","            local.browserTest(options, onError);","        };","","        // run test-server","        local.testRunServer(local);","        break;","    }","}());",""],"l":{"12":2,"14":2,"19":2,"21":2,"23":2,"24":2,"25":2,"30":1,"37":2,"40":2,"43":1,"47":1,"50":1,"52":1,"55":2,"61":2,"62":2,"64":2,"70":1,"76":1,"82":2,"83":2,"85":2,"91":1,"98":1,"102":1,"105":1,"112":1,"119":1,"120":1,"123":1,"130":1,"131":1,"132":1,"133":1,"134":1,"135":1,"138":1,"143":2,"144":2,"147":1,"154":2,"155":2,"158":1,"165":2,"166":2,"169":1,"176":2,"177":2,"180":1,"187":1,"188":1,"192":1,"193":1}},"/home/travis/build/npmtest/node-npmtest-facebook-node-sdk/lib.npmtest_facebook_node_sdk.js":{"path":"/home/travis/build/npmtest/node-npmtest-facebook-node-sdk/lib.npmtest_facebook_node_sdk.js","s":{"1":2,"2":2,"3":2,"4":2,"5":2,"6":2,"7":2,"8":1,"9":2,"10":2,"11":2,"12":2,"13":1,"14":1,"15":1,"16":1},"b":{"1":[2,1,1,1],"2":[1,1,1,1],"3":[1,1],"4":[2,2],"5":[1,1]},"f":{"1":2,"2":2,"3":2},"fnMap":{"1":{"name":"(anonymous_1)","line":12,"loc":{"start":{"line":12,"column":1},"end":{"line":12,"column":13}}},"2":{"name":"(anonymous_2)","line":19,"loc":{"start":{"line":19,"column":5},"end":{"line":19,"column":17}}},"3":{"name":"(anonymous_3)","line":23,"loc":{"start":{"line":23,"column":24},"end":{"line":23,"column":36}}}},"statementMap":{"1":{"start":{"line":12,"column":0},"end":{"line":53,"column":5}},"2":{"start":{"line":14,"column":4},"end":{"line":14,"column":14}},"3":{"start":{"line":19,"column":4},"end":{"line":52,"column":9}},"4":{"start":{"line":21,"column":8},"end":{"line":21,"column":19}},"5":{"start":{"line":23,"column":8},"end":{"line":35,"column":13}},"6":{"start":{"line":24,"column":12},"end":{"line":34,"column":13}},"7":{"start":{"line":25,"column":16},"end":{"line":28,"column":30}},"8":{"start":{"line":30,"column":16},"end":{"line":33,"column":27}},"9":{"start":{"line":37,"column":8},"end":{"line":39,"column":21}},"10":{"start":{"line":41,"column":8},"end":{"line":41,"column":54}},"11":{"start":{"line":43,"column":8},"end":{"line":43,"column":62}},"12":{"start":{"line":45,"column":8},"end":{"line":51,"column":9}},"13":{"start":{"line":46,"column":12},"end":{"line":46,"column":68}},"14":{"start":{"line":48,"column":12},"end":{"line":48,"column":35}},"15":{"start":{"line":49,"column":12},"end":{"line":49,"column":49}},"16":{"start":{"line":50,"column":12},"end":{"line":50,"column":43}}},"branchMap":{"1":{"line":25,"type":"binary-expr","locations":[{"start":{"line":25,"column":23},"end":{"line":25,"column":62}},{"start":{"line":26,"column":20},"end":{"line":26,"column":70}},{"start":{"line":27,"column":20},"end":{"line":27,"column":71}},{"start":{"line":28,"column":20},"end":{"line":28,"column":29}}]},"2":{"line":30,"type":"binary-expr","locations":[{"start":{"line":30,"column":23},"end":{"line":30,"column":37}},{"start":{"line":31,"column":20},"end":{"line":31,"column":61}},{"start":{"line":32,"column":20},"end":{"line":32,"column":70}},{"start":{"line":33,"column":20},"end":{"line":33,"column":26}}]},"3":{"line":37,"type":"cond-expr","locations":[{"start":{"line":38,"column":14},"end":{"line":38,"column":20}},{"start":{"line":39,"column":14},"end":{"line":39,"column":20}}]},"4":{"line":41,"type":"binary-expr","locations":[{"start":{"line":41,"column":16},"end":{"line":41,"column":44}},{"start":{"line":41,"column":48},"end":{"line":41,"column":53}}]},"5":{"line":45,"type":"if","locations":[{"start":{"line":45,"column":8},"end":{"line":45,"column":8}},{"start":{"line":45,"column":8},"end":{"line":45,"column":8}}]}},"code":["/* istanbul instrument in package npmtest_facebook_node_sdk */","/*jslint","    bitwise: true,","    browser: true,","    maxerr: 8,","    maxlen: 96,","    node: true,","    nomen: true,","    regexp: true,","    stupid: true","*/","(function () {","    'use strict';","    var local;","","","","    // run shared js-env code - init-before","    (function () {","        // init local","        local = {};","        // init modeJs","        local.modeJs = (function () {","            try {","                return typeof navigator.userAgent === 'string' &&","                    typeof document.querySelector('body') === 'object' &&","                    typeof XMLHttpRequest.prototype.open === 'function' &&","                    'browser';","            } catch (errorCaughtBrowser) {","                return module.exports &&","                    typeof process.versions.node === 'string' &&","                    typeof require('http').createServer === 'function' &&","                    'node';","            }","        }());","        // init global","        local.global = local.modeJs === 'browser'","            ? window","            : global;","        // init utility2_rollup","        local = local.global.utility2_rollup || local;","        // init lib","        local.local = local.npmtest_facebook_node_sdk = local;","        // init exports","        if (local.modeJs === 'browser') {","            local.global.utility2_npmtest_facebook_node_sdk = local;","        } else {","            module.exports = local;","            module.exports.__dirname = __dirname;","            module.exports.module = module;","        }","    }());","}());",""],"l":{"12":2,"14":2,"19":2,"21":2,"23":2,"24":2,"25":2,"30":1,"37":2,"41":2,"43":2,"45":2,"46":1,"48":1,"49":1,"50":1}},"/home/travis/build/npmtest/node-npmtest-facebook-node-sdk/example.js":{"path":"/home/travis/build/npmtest/node-npmtest-facebook-node-sdk/example.js","s":{"1":2,"2":2,"3":2,"4":2,"5":2,"6":2,"7":2,"8":1,"9":2,"10":2,"11":2,"12":2,"13":1,"14":2,"15":2,"16":2,"17":2,"18":2,"19":0,"20":2,"21":1,"22":1,"23":1,"24":1,"25":1,"26":0,"27":0,"28":1,"29":1,"30":2,"31":0,"32":0,"33":0,"34":1,"35":2,"36":2,"37":3,"38":3,"39":3,"40":3,"41":0,"42":3,"43":3,"44":3,"45":1,"46":3,"47":1,"48":1,"49":1,"50":1,"51":1,"52":1,"53":1,"54":1,"55":1,"56":1,"57":0,"58":1,"59":6,"60":6,"61":1,"62":2,"63":0,"64":2,"65":1,"66":1,"67":0,"68":0,"69":0,"70":0,"71":0,"72":0,"73":0,"74":0,"75":0,"76":0,"77":0,"78":0,"79":0,"80":0,"81":0,"82":0,"83":0},"b":{"1":[2,1,1,1],"2":[1,1,1,1],"3":[1,1],"4":[2,2],"5":[1,1],"6":[1,1],"7":[2,0],"8":[2,1,1,1,1,1],"9":[0,2,0],"10":[1,1],"11":[2,1,1],"12":[1,0],"13":[0,2],"14":[2,0,0,0,0,0,0],"15":[0,3],"16":[3,0],"17":[1,1],"18":[0,1],"19":[1,2,0,2],"20":[1,0],"21":[1,1],"22":[0,0],"23":[0,0],"24":[0,0],"25":[0,0],"26":[0,0],"27":[0,0],"28":[0,0]},"f":{"1":2,"2":2,"3":2,"4":2,"5":2,"6":2,"7":3,"8":3,"9":3,"10":1,"11":6,"12":0},"fnMap":{"1":{"name":"(anonymous_1)","line":26,"loc":{"start":{"line":26,"column":1},"end":{"line":26,"column":13}}},"2":{"name":"(anonymous_2)","line":33,"loc":{"start":{"line":33,"column":5},"end":{"line":33,"column":17}}},"3":{"name":"(anonymous_3)","line":37,"loc":{"start":{"line":37,"column":24},"end":{"line":37,"column":36}}},"4":{"name":"(anonymous_4)","line":69,"loc":{"start":{"line":69,"column":31},"end":{"line":69,"column":48}},"skip":true},"5":{"name":"(anonymous_5)","line":78,"loc":{"start":{"line":78,"column":26},"end":{"line":78,"column":45}},"skip":true},"6":{"name":"(anonymous_6)","line":123,"loc":{"start":{"line":123,"column":33},"end":{"line":123,"column":48}},"skip":true},"7":{"name":"(anonymous_7)","line":125,"loc":{"start":{"line":125,"column":27},"end":{"line":125,"column":39}},"skip":true},"8":{"name":"(anonymous_8)","line":133,"loc":{"start":{"line":133,"column":59},"end":{"line":133,"column":74}},"skip":true},"9":{"name":"(anonymous_9)","line":143,"loc":{"start":{"line":143,"column":45},"end":{"line":143,"column":62}},"skip":true},"10":{"name":"(anonymous_10)","line":144,"loc":{"start":{"line":144,"column":73},"end":{"line":144,"column":92}},"skip":true},"11":{"name":"(anonymous_11)","line":272,"loc":{"start":{"line":272,"column":51},"end":{"line":272,"column":77}},"skip":true},"12":{"name":"(anonymous_12)","line":315,"loc":{"start":{"line":315,"column":32},"end":{"line":315,"column":61}},"skip":true}},"statementMap":{"1":{"start":{"line":26,"column":0},"end":{"line":326,"column":5}},"2":{"start":{"line":28,"column":4},"end":{"line":28,"column":14}},"3":{"start":{"line":33,"column":4},"end":{"line":60,"column":9}},"4":{"start":{"line":35,"column":8},"end":{"line":35,"column":19}},"5":{"start":{"line":37,"column":8},"end":{"line":49,"column":13}},"6":{"start":{"line":38,"column":12},"end":{"line":48,"column":13}},"7":{"start":{"line":39,"column":16},"end":{"line":42,"column":30}},"8":{"start":{"line":44,"column":16},"end":{"line":47,"column":27}},"9":{"start":{"line":51,"column":8},"end":{"line":53,"column":21}},"10":{"start":{"line":55,"column":8},"end":{"line":57,"column":45}},"11":{"start":{"line":59,"column":8},"end":{"line":59,"column":35}},"12":{"start":{"line":61,"column":4},"end":{"line":325,"column":5}},"13":{"start":{"line":69,"column":8},"end":{"line":121,"column":10},"skip":true},"14":{"start":{"line":70,"column":12},"end":{"line":88,"column":13},"skip":true},"15":{"start":{"line":76,"column":16},"end":{"line":87,"column":19},"skip":true},"16":{"start":{"line":79,"column":20},"end":{"line":86,"column":21},"skip":true},"17":{"start":{"line":82,"column":24},"end":{"line":82,"column":43},"skip":true},"18":{"start":{"line":83,"column":24},"end":{"line":83,"column":30},"skip":true},"19":{"start":{"line":85,"column":24},"end":{"line":85,"column":49},"skip":true},"20":{"start":{"line":89,"column":12},"end":{"line":107,"column":13},"skip":true},"21":{"start":{"line":92,"column":16},"end":{"line":102,"column":17},"skip":true},"22":{"start":{"line":93,"column":20},"end":{"line":93,"column":86},"skip":true},"23":{"start":{"line":94,"column":20},"end":{"line":95,"column":45},"skip":true},"24":{"start":{"line":96,"column":20},"end":{"line":96,"column":42},"skip":true},"25":{"start":{"line":97,"column":20},"end":{"line":97,"column":48},"skip":true},"26":{"start":{"line":100,"column":20},"end":{"line":100,"column":85},"skip":true},"27":{"start":{"line":101,"column":20},"end":{"line":101,"column":96},"skip":true},"28":{"start":{"line":103,"column":16},"end":{"line":103,"column":22},"skip":true},"29":{"start":{"line":106,"column":16},"end":{"line":106,"column":22},"skip":true},"30":{"start":{"line":108,"column":12},"end":{"line":120,"column":13},"skip":true},"31":{"start":{"line":114,"column":16},"end":{"line":119,"column":17},"skip":true},"32":{"start":{"line":116,"column":20},"end":{"line":116,"column":78},"skip":true},"33":{"start":{"line":118,"column":20},"end":{"line":118,"column":47},"skip":true},"34":{"start":{"line":123,"column":8},"end":{"line":141,"column":11},"skip":true},"35":{"start":{"line":124,"column":12},"end":{"line":124,"column":54},"skip":true},"36":{"start":{"line":125,"column":12},"end":{"line":140,"column":14},"skip":true},"37":{"start":{"line":126,"column":16},"end":{"line":126,"column":28},"skip":true},"38":{"start":{"line":127,"column":16},"end":{"line":127,"column":69},"skip":true},"39":{"start":{"line":128,"column":16},"end":{"line":128,"column":75},"skip":true},"40":{"start":{"line":129,"column":16},"end":{"line":131,"column":17},"skip":true},"41":{"start":{"line":130,"column":20},"end":{"line":130,"column":27},"skip":true},"42":{"start":{"line":133,"column":16},"end":{"line":137,"column":36},"skip":true},"43":{"start":{"line":134,"column":20},"end":{"line":136,"column":55},"skip":true},"44":{"start":{"line":139,"column":16},"end":{"line":139,"column":57},"skip":true},"45":{"start":{"line":143,"column":8},"end":{"line":147,"column":11},"skip":true},"46":{"start":{"line":144,"column":12},"end":{"line":146,"column":15},"skip":true},"47":{"start":{"line":145,"column":16},"end":{"line":145,"column":70},"skip":true},"48":{"start":{"line":149,"column":8},"end":{"line":149,"column":31},"skip":true},"49":{"start":{"line":150,"column":8},"end":{"line":150,"column":14},"skip":true},"50":{"start":{"line":158,"column":8},"end":{"line":158,"column":31},"skip":true},"51":{"start":{"line":160,"column":8},"end":{"line":160,"column":33},"skip":true},"52":{"start":{"line":161,"column":8},"end":{"line":161,"column":37},"skip":true},"53":{"start":{"line":162,"column":8},"end":{"line":162,"column":35},"skip":true},"54":{"start":{"line":164,"column":8},"end":{"line":164,"column":50},"skip":true},"55":{"start":{"line":166,"column":8},"end":{"line":256,"column":2},"skip":true},"56":{"start":{"line":258,"column":8},"end":{"line":286,"column":9},"skip":true},"57":{"start":{"line":259,"column":12},"end":{"line":269,"column":14},"skip":true},"58":{"start":{"line":271,"column":12},"end":{"line":285,"column":19},"skip":true},"59":{"start":{"line":274,"column":20},"end":{"line":274,"column":35},"skip":true},"60":{"start":{"line":275,"column":20},"end":{"line":284,"column":21},"skip":true},"61":{"start":{"line":277,"column":24},"end":{"line":277,"column":64},"skip":true},"62":{"start":{"line":279,"column":24},"end":{"line":279,"column":40},"skip":true},"63":{"start":{"line":281,"column":24},"end":{"line":281,"column":40},"skip":true},"64":{"start":{"line":283,"column":24},"end":{"line":283,"column":39},"skip":true},"65":{"start":{"line":288,"column":8},"end":{"line":290,"column":9},"skip":true},"66":{"start":{"line":289,"column":12},"end":{"line":289,"column":18},"skip":true},"67":{"start":{"line":291,"column":8},"end":{"line":293,"column":54},"skip":true},"68":{"start":{"line":296,"column":8},"end":{"line":301,"column":37},"skip":true},"69":{"start":{"line":303,"column":8},"end":{"line":303,"column":82},"skip":true},"70":{"start":{"line":306,"column":8},"end":{"line":308,"column":9},"skip":true},"71":{"start":{"line":307,"column":12},"end":{"line":307,"column":82},"skip":true},"72":{"start":{"line":310,"column":8},"end":{"line":312,"column":9},"skip":true},"73":{"start":{"line":311,"column":12},"end":{"line":311,"column":18},"skip":true},"74":{"start":{"line":313,"column":8},"end":{"line":313,"column":54},"skip":true},"75":{"start":{"line":314,"column":8},"end":{"line":314,"column":69},"skip":true},"76":{"start":{"line":315,"column":8},"end":{"line":323,"column":36},"skip":true},"77":{"start":{"line":316,"column":12},"end":{"line":316,"column":61},"skip":true},"78":{"start":{"line":317,"column":12},"end":{"line":320,"column":13},"skip":true},"79":{"start":{"line":318,"column":16},"end":{"line":318,"column":75},"skip":true},"80":{"start":{"line":319,"column":16},"end":{"line":319,"column":23},"skip":true},"81":{"start":{"line":321,"column":12},"end":{"line":321,"column":38},"skip":true},"82":{"start":{"line":322,"column":12},"end":{"line":322,"column":27},"skip":true},"83":{"start":{"line":324,"column":8},"end":{"line":324,"column":14},"skip":true}},"branchMap":{"1":{"line":39,"type":"binary-expr","locations":[{"start":{"line":39,"column":23},"end":{"line":39,"column":62}},{"start":{"line":40,"column":20},"end":{"line":40,"column":70}},{"start":{"line":41,"column":20},"end":{"line":41,"column":71}},{"start":{"line":42,"column":20},"end":{"line":42,"column":29}}]},"2":{"line":44,"type":"binary-expr","locations":[{"start":{"line":44,"column":23},"end":{"line":44,"column":37}},{"start":{"line":45,"column":20},"end":{"line":45,"column":61}},{"start":{"line":46,"column":20},"end":{"line":46,"column":70}},{"start":{"line":47,"column":20},"end":{"line":47,"column":26}}]},"3":{"line":51,"type":"cond-expr","locations":[{"start":{"line":52,"column":14},"end":{"line":52,"column":20}},{"start":{"line":53,"column":14},"end":{"line":53,"column":20}}]},"4":{"line":55,"type":"binary-expr","locations":[{"start":{"line":55,"column":16},"end":{"line":55,"column":44}},{"start":{"line":55,"column":49},"end":{"line":57,"column":43}}]},"5":{"line":55,"type":"cond-expr","locations":[{"start":{"line":56,"column":14},"end":{"line":56,"column":61}},{"start":{"line":57,"column":14},"end":{"line":57,"column":43}}]},"6":{"line":61,"type":"switch","locations":[{"start":{"line":68,"column":4},"end":{"line":150,"column":14},"skip":true},{"start":{"line":156,"column":4},"end":{"line":324,"column":14},"skip":true}]},"7":{"line":70,"type":"if","locations":[{"start":{"line":70,"column":12},"end":{"line":70,"column":12},"skip":true},{"start":{"line":70,"column":12},"end":{"line":70,"column":12},"skip":true}]},"8":{"line":70,"type":"binary-expr","locations":[{"start":{"line":70,"column":16},"end":{"line":70,"column":22},"skip":true},{"start":{"line":70,"column":27},"end":{"line":70,"column":32},"skip":true},{"start":{"line":71,"column":20},"end":{"line":71,"column":39},"skip":true},{"start":{"line":72,"column":20},"end":{"line":72,"column":49},"skip":true},{"start":{"line":73,"column":20},"end":{"line":73,"column":58},"skip":true},{"start":{"line":74,"column":20},"end":{"line":74,"column":69},"skip":true}]},"9":{"line":79,"type":"switch","locations":[{"start":{"line":80,"column":20},"end":{"line":80,"column":33},"skip":true},{"start":{"line":81,"column":20},"end":{"line":83,"column":30},"skip":true},{"start":{"line":84,"column":20},"end":{"line":85,"column":49},"skip":true}]},"10":{"line":89,"type":"switch","locations":[{"start":{"line":90,"column":12},"end":{"line":103,"column":22},"skip":true},{"start":{"line":105,"column":12},"end":{"line":106,"column":22},"skip":true}]},"11":{"line":89,"type":"binary-expr","locations":[{"start":{"line":89,"column":20},"end":{"line":89,"column":25},"skip":true},{"start":{"line":89,"column":29},"end":{"line":89,"column":48},"skip":true},{"start":{"line":89,"column":52},"end":{"line":89,"column":74},"skip":true}]},"12":{"line":92,"type":"if","locations":[{"start":{"line":92,"column":16},"end":{"line":92,"column":16},"skip":true},{"start":{"line":92,"column":16},"end":{"line":92,"column":16},"skip":true}]},"13":{"line":108,"type":"if","locations":[{"start":{"line":108,"column":12},"end":{"line":108,"column":12},"skip":true},{"start":{"line":108,"column":12},"end":{"line":108,"column":12},"skip":true}]},"14":{"line":108,"type":"binary-expr","locations":[{"start":{"line":108,"column":16},"end":{"line":108,"column":61},"skip":true},{"start":{"line":108,"column":66},"end":{"line":108,"column":72},"skip":true},{"start":{"line":108,"column":77},"end":{"line":108,"column":82},"skip":true},{"start":{"line":109,"column":20},"end":{"line":109,"column":39},"skip":true},{"start":{"line":110,"column":20},"end":{"line":110,"column":49},"skip":true},{"start":{"line":111,"column":20},"end":{"line":111,"column":58},"skip":true},{"start":{"line":112,"column":20},"end":{"line":112,"column":68},"skip":true}]},"15":{"line":129,"type":"if","locations":[{"start":{"line":129,"column":16},"end":{"line":129,"column":16},"skip":true},{"start":{"line":129,"column":16},"end":{"line":129,"column":16},"skip":true}]},"16":{"line":134,"type":"cond-expr","locations":[{"start":{"line":135,"column":26},"end":{"line":135,"column":29},"skip":true},{"start":{"line":136,"column":26},"end":{"line":136,"column":54},"skip":true}]},"17":{"line":164,"type":"binary-expr","locations":[{"start":{"line":164,"column":27},"end":{"line":164,"column":43},"skip":true},{"start":{"line":164,"column":47},"end":{"line":164,"column":49},"skip":true}]},"18":{"line":258,"type":"if","locations":[{"start":{"line":258,"column":8},"end":{"line":258,"column":8},"skip":true},{"start":{"line":258,"column":8},"end":{"line":258,"column":8},"skip":true}]},"19":{"line":275,"type":"switch","locations":[{"start":{"line":276,"column":20},"end":{"line":277,"column":64},"skip":true},{"start":{"line":278,"column":20},"end":{"line":279,"column":40},"skip":true},{"start":{"line":280,"column":20},"end":{"line":281,"column":40},"skip":true},{"start":{"line":282,"column":20},"end":{"line":283,"column":39},"skip":true}]},"20":{"line":288,"type":"if","locations":[{"start":{"line":288,"column":8},"end":{"line":288,"column":8},"skip":true},{"start":{"line":288,"column":8},"end":{"line":288,"column":8},"skip":true}]},"21":{"line":288,"type":"binary-expr","locations":[{"start":{"line":288,"column":12},"end":{"line":288,"column":40},"skip":true},{"start":{"line":288,"column":44},"end":{"line":288,"column":67},"skip":true}]},"22":{"line":292,"type":"binary-expr","locations":[{"start":{"line":292,"column":12},"end":{"line":292,"column":50},"skip":true},{"start":{"line":293,"column":12},"end":{"line":293,"column":53},"skip":true}]},"23":{"line":297,"type":"binary-expr","locations":[{"start":{"line":297,"column":12},"end":{"line":297,"column":75},"skip":true},{"start":{"line":298,"column":12},"end":{"line":301,"column":36},"skip":true}]},"24":{"line":303,"type":"binary-expr","locations":[{"start":{"line":303,"column":43},"end":{"line":303,"column":75},"skip":true},{"start":{"line":303,"column":79},"end":{"line":303,"column":81},"skip":true}]},"25":{"line":306,"type":"if","locations":[{"start":{"line":306,"column":8},"end":{"line":306,"column":8},"skip":true},{"start":{"line":306,"column":8},"end":{"line":306,"column":8},"skip":true}]},"26":{"line":310,"type":"if","locations":[{"start":{"line":310,"column":8},"end":{"line":310,"column":8},"skip":true},{"start":{"line":310,"column":8},"end":{"line":310,"column":8},"skip":true}]},"27":{"line":313,"type":"binary-expr","locations":[{"start":{"line":313,"column":27},"end":{"line":313,"column":43},"skip":true},{"start":{"line":313,"column":47},"end":{"line":313,"column":53},"skip":true}]},"28":{"line":317,"type":"if","locations":[{"start":{"line":317,"column":12},"end":{"line":317,"column":12},"skip":true},{"start":{"line":317,"column":12},"end":{"line":317,"column":12},"skip":true}]}},"code":["/*","example.js","","quickstart example","","instruction","    1. save this script as example.js","    2. run the shell command:","        $ npm install npmtest-facebook-node-sdk && PORT=8081 node example.js","    3. play with the browser-demo on http://127.0.0.1:8081","*/","","","","/* istanbul instrument in package npmtest_facebook_node_sdk */","/*jslint","    bitwise: true,","    browser: true,","    maxerr: 8,","    maxlen: 96,","    node: true,","    nomen: true,","    regexp: true,","    stupid: true","*/","(function () {","    'use strict';","    var local;","","","","    // run shared js-env code - init-before","    (function () {","        // init local","        local = {};","        // init modeJs","        local.modeJs = (function () {","            try {","                return typeof navigator.userAgent === 'string' &&","                    typeof document.querySelector('body') === 'object' &&","                    typeof XMLHttpRequest.prototype.open === 'function' &&","                    'browser';","            } catch (errorCaughtBrowser) {","                return module.exports &&","                    typeof process.versions.node === 'string' &&","                    typeof require('http').createServer === 'function' &&","                    'node';","            }","        }());","        // init global","        local.global = local.modeJs === 'browser'","            ? window","            : global;","        // init utility2_rollup","        local = local.global.utility2_rollup || (local.modeJs === 'browser'","            ? local.global.utility2_npmtest_facebook_node_sdk","            : global.utility2_moduleExports);","        // export local","        local.global.local = local;","    }());","    switch (local.modeJs) {","","","","    // init-after","    // run browser js-env code - init-after","    /* istanbul ignore next */","    case 'browser':","        local.testRunBrowser = function (event) {","            if (!event || (event &&","                    event.currentTarget &&","                    event.currentTarget.className &&","                    event.currentTarget.className.includes &&","                    event.currentTarget.className.includes('onreset'))) {","                // reset output","                Array.from(","                    document.querySelectorAll('body > .resettable')","                ).forEach(function (element) {","                    switch (element.tagName) {","                    case 'INPUT':","                    case 'TEXTAREA':","                        element.value = '';","                        break;","                    default:","                        element.textContent = '';","                    }","                });","            }","            switch (event && event.currentTarget && event.currentTarget.id) {","            case 'testRunButton1':","                // show tests","                if (document.querySelector('#testReportDiv1').style.display === 'none') {","                    document.querySelector('#testReportDiv1').style.display = 'block';","                    document.querySelector('#testRunButton1').textContent =","                        'hide internal test';","                    local.modeTest = true;","                    local.testRunDefault(local);","                // hide tests","                } else {","                    document.querySelector('#testReportDiv1').style.display = 'none';","                    document.querySelector('#testRunButton1').textContent = 'run internal test';","                }","                break;","            // custom-case","            default:","                break;","            }","            if (document.querySelector('#inputTextareaEval1') && (!event || (event &&","                    event.currentTarget &&","                    event.currentTarget.className &&","                    event.currentTarget.className.includes &&","                    event.currentTarget.className.includes('oneval')))) {","                // try to eval input-code","                try {","                    /*jslint evil: true*/","                    eval(document.querySelector('#inputTextareaEval1').value);","                } catch (errorCaught) {","                    console.error(errorCaught);","                }","            }","        };","        // log stderr and stdout to #outputTextareaStdout1","        ['error', 'log'].forEach(function (key) {","            console[key + '_original'] = console[key];","            console[key] = function () {","                var element;","                console[key + '_original'].apply(console, arguments);","                element = document.querySelector('#outputTextareaStdout1');","                if (!element) {","                    return;","                }","                // append text to #outputTextareaStdout1","                element.value += Array.from(arguments).map(function (arg) {","                    return typeof arg === 'string'","                        ? arg","                        : JSON.stringify(arg, null, 4);","                }).join(' ') + '\\n';","                // scroll textarea to bottom","                element.scrollTop = element.scrollHeight;","            };","        });","        // init event-handling","        ['change', 'click', 'keyup'].forEach(function (event) {","            Array.from(document.querySelectorAll('.on' + event)).forEach(function (element) {","                element.addEventListener(event, local.testRunBrowser);","            });","        });","        // run tests","        local.testRunBrowser();","        break;","","","","    // run node js-env code - init-after","    /* istanbul ignore next */","    case 'node':","        // export local","        module.exports = local;","        // require modules","        local.fs = require('fs');","        local.http = require('http');","        local.url = require('url');","        // init assets","        local.assetsDict = local.assetsDict || {};","        /* jslint-ignore-begin */","        local.assetsDict['/assets.index.template.html'] = '\\","<!doctype html>\\n\\","<html lang=\"en\">\\n\\","<head>\\n\\","<meta charset=\"UTF-8\">\\n\\","<meta name=\"viewport\" content=\"width=device-width, initial-scale=1\">\\n\\","<title>{{env.npm_package_name}} (v{{env.npm_package_version}})</title>\\n\\","<style>\\n\\","/*csslint\\n\\","    box-sizing: false,\\n\\","    universal-selector: false\\n\\","*/\\n\\","* {\\n\\","    box-sizing: border-box;\\n\\","}\\n\\","body {\\n\\","    background: #dde;\\n\\","    font-family: Arial, Helvetica, sans-serif;\\n\\","    margin: 2rem;\\n\\","}\\n\\","body > * {\\n\\","    margin-bottom: 1rem;\\n\\","}\\n\\",".utility2FooterDiv {\\n\\","    margin-top: 20px;\\n\\","    text-align: center;\\n\\","}\\n\\","</style>\\n\\","<style>\\n\\","/*csslint\\n\\","*/\\n\\","textarea {\\n\\","    font-family: monospace;\\n\\","    height: 10rem;\\n\\","    width: 100%;\\n\\","}\\n\\","textarea[readonly] {\\n\\","    background: #ddd;\\n\\","}\\n\\","</style>\\n\\","</head>\\n\\","<body>\\n\\","<!-- utility2-comment\\n\\","<div id=\"ajaxProgressDiv1\" style=\"background: #d00; height: 2px; left: 0; margin: 0; padding: 0; position: fixed; top: 0; transition: background 0.5s, width 1.5s; width: 25%;\"></div>\\n\\","utility2-comment -->\\n\\","<h1>\\n\\","<!-- utility2-comment\\n\\","    <a\\n\\","        {{#if env.npm_package_homepage}}\\n\\","        href=\"{{env.npm_package_homepage}}\"\\n\\","        {{/if env.npm_package_homepage}}\\n\\","        target=\"_blank\"\\n\\","    >\\n\\","utility2-comment -->\\n\\","        {{env.npm_package_name}} (v{{env.npm_package_version}})\\n\\","<!-- utility2-comment\\n\\","    </a>\\n\\","utility2-comment -->\\n\\","</h1>\\n\\","<h3>{{env.npm_package_description}}</h3>\\n\\","<!-- utility2-comment\\n\\","<h4><a download href=\"assets.app.js\">download standalone app</a></h4>\\n\\","<button class=\"onclick onreset\" id=\"testRunButton1\">run internal test</button><br>\\n\\","<div id=\"testReportDiv1\" style=\"display: none;\"></div>\\n\\","utility2-comment -->\\n\\","\\n\\","\\n\\","\\n\\","<label>stderr and stdout</label>\\n\\","<textarea class=\"resettable\" id=\"outputTextareaStdout1\" readonly></textarea>\\n\\","<!-- utility2-comment\\n\\","{{#if isRollup}}\\n\\","<script src=\"assets.app.js\"></script>\\n\\","{{#unless isRollup}}\\n\\","utility2-comment -->\\n\\","<script src=\"assets.utility2.rollup.js\"></script>\\n\\","<script src=\"jsonp.utility2._stateInit?callback=window.utility2._stateInit\"></script>\\n\\","<script src=\"assets.npmtest_facebook_node_sdk.rollup.js\"></script>\\n\\","<script src=\"assets.example.js\"></script>\\n\\","<script src=\"assets.test.js\"></script>\\n\\","<!-- utility2-comment\\n\\","{{/if isRollup}}\\n\\","utility2-comment -->\\n\\","<div class=\"utility2FooterDiv\">\\n\\","    [ this app was created with\\n\\","    <a href=\"https://github.com/kaizhu256/node-utility2\" target=\"_blank\">utility2</a>\\n\\","    ]\\n\\","</div>\\n\\","</body>\\n\\","</html>\\n\\","';","        /* jslint-ignore-end */","        if (local.templateRender) {","            local.assetsDict['/'] = local.templateRender(","                local.assetsDict['/assets.index.template.html'],","                {","                    env: local.objectSetDefault(local.env, {","                        npm_package_description: 'the greatest app in the world!',","                        npm_package_name: 'my-app',","                        npm_package_nameAlias: 'my_app',","                        npm_package_version: '0.0.1'","                    })","                }","            );","        } else {","            local.assetsDict['/'] = local.assetsDict['/assets.index.template.html']","                .replace((/\\{\\{env\\.(\\w+?)\\}\\}/g), function (match0, match1) {","                    // jslint-hack","                    String(match0);","                    switch (match1) {","                    case 'npm_package_description':","                        return 'the greatest app in the world!';","                    case 'npm_package_name':","                        return 'my-app';","                    case 'npm_package_nameAlias':","                        return 'my_app';","                    case 'npm_package_version':","                        return '0.0.1';","                    }","                });","        }","        // run the cli","        if (local.global.utility2_rollup || module !== require.main) {","            break;","        }","        local.assetsDict['/assets.example.js'] =","            local.assetsDict['/assets.example.js'] ||","            local.fs.readFileSync(__filename, 'utf8');","        // bug-workaround - long $npm_package_buildCustomOrg","        /* jslint-ignore-begin */","        local.assetsDict['/assets.npmtest_facebook_node_sdk.rollup.js'] =","            local.assetsDict['/assets.npmtest_facebook_node_sdk.rollup.js'] ||","            local.fs.readFileSync(","                local.npmtest_facebook_node_sdk.__dirname + '/lib.npmtest_facebook_node_sdk.js',","                'utf8'","            ).replace((/^#!/), '//');","        /* jslint-ignore-end */","        local.assetsDict['/favicon.ico'] = local.assetsDict['/favicon.ico'] || '';","        // if $npm_config_timeout_exit exists,","        // then exit this process after $npm_config_timeout_exit ms","        if (Number(process.env.npm_config_timeout_exit)) {","            setTimeout(process.exit, Number(process.env.npm_config_timeout_exit));","        }","        // start server","        if (local.global.utility2_serverHttp1) {","            break;","        }","        process.env.PORT = process.env.PORT || '8081';","        console.error('server starting on port ' + process.env.PORT);","        local.http.createServer(function (request, response) {","            request.urlParsed = local.url.parse(request.url);","            if (local.assetsDict[request.urlParsed.pathname] !== undefined) {","                response.end(local.assetsDict[request.urlParsed.pathname]);","                return;","            }","            response.statusCode = 404;","            response.end();","        }).listen(process.env.PORT);","        break;","    }","}());",""],"l":{"26":2,"28":2,"33":2,"35":2,"37":2,"38":2,"39":2,"44":1,"51":2,"55":2,"59":2,"61":2,"69":1,"70":2,"76":2,"79":2,"82":2,"83":2,"85":1,"89":2,"92":1,"93":1,"94":1,"96":1,"97":1,"100":1,"101":1,"103":1,"106":1,"108":2,"114":1,"116":1,"118":1,"123":1,"124":2,"125":2,"126":3,"127":3,"128":3,"129":3,"130":1,"133":3,"134":3,"139":3,"143":1,"144":3,"145":1,"149":1,"150":1,"158":1,"160":1,"161":1,"162":1,"164":1,"166":1,"258":1,"259":1,"271":1,"274":6,"275":6,"277":1,"279":2,"281":1,"283":2,"288":1,"289":1,"291":1,"296":1,"303":1,"306":1,"307":1,"310":1,"311":1,"313":1,"314":1,"315":1,"316":1,"317":1,"318":1,"319":1,"321":1,"322":1,"324":1}},"/home/travis/build/npmtest/node-npmtest-facebook-node-sdk/node_modules/facebook-node-sdk/lib/facebook.js":{"path":"/home/travis/build/npmtest/node-npmtest-facebook-node-sdk/node_modules/facebook-node-sdk/lib/facebook.js","s":{"1":1,"2":1,"3":1,"4":0,"5":0,"6":1,"7":1,"8":0,"9":0,"10":1,"11":0,"12":0,"13":0,"14":1,"15":0,"16":0,"17":1,"18":0,"19":0,"20":0,"21":0,"22":1,"23":0,"24":0,"25":0,"26":0,"27":0,"28":1,"29":0,"30":0,"31":0,"32":0,"33":1,"34":0,"35":0,"36":0,"37":0,"38":0,"39":0,"40":0,"41":0,"42":0,"43":0,"44":0,"45":0,"46":0,"47":0,"48":1},"b":{"1":[0,0],"2":[0,0],"3":[0,0],"4":[0,0],"5":[0,0],"6":[0,0],"7":[0,0],"8":[0,0],"9":[0,0],"10":[0,0]},"f":{"1":0,"2":0,"3":0,"4":0,"5":0,"6":0,"7":0,"8":0,"9":0,"10":0,"11":0},"fnMap":{"1":{"name":"Facebook","line":5,"loc":{"start":{"line":5,"column":0},"end":{"line":5,"column":26}}},"2":{"name":"(anonymous_2)","line":12,"loc":{"start":{"line":12,"column":39},"end":{"line":12,"column":60}}},"3":{"name":"(anonymous_3)","line":18,"loc":{"start":{"line":18,"column":39},"end":{"line":18,"column":67}}},"4":{"name":"(anonymous_4)","line":25,"loc":{"start":{"line":25,"column":41},"end":{"line":25,"column":55}}},"5":{"name":"(anonymous_5)","line":31,"loc":{"start":{"line":31,"column":44},"end":{"line":31,"column":55}}},"6":{"name":"(anonymous_6)","line":41,"loc":{"start":{"line":41,"column":22},"end":{"line":41,"column":39}}},"7":{"name":"(anonymous_7)","line":42,"loc":{"start":{"line":42,"column":9},"end":{"line":42,"column":34}}},"8":{"name":"(anonymous_8)","line":50,"loc":{"start":{"line":50,"column":25},"end":{"line":50,"column":42}}},"9":{"name":"(anonymous_9)","line":51,"loc":{"start":{"line":51,"column":9},"end":{"line":51,"column":34}}},"10":{"name":"afterNew","line":58,"loc":{"start":{"line":58,"column":4},"end":{"line":58,"column":24}}},"11":{"name":"(anonymous_11)","line":59,"loc":{"start":{"line":59,"column":27},"end":{"line":59,"column":47}}}},"statementMap":{"1":{"start":{"line":1,"column":0},"end":{"line":1,"column":27}},"2":{"start":{"line":3,"column":0},"end":{"line":3,"column":59}},"3":{"start":{"line":5,"column":0},"end":{"line":8,"column":1}},"4":{"start":{"line":6,"column":2},"end":{"line":6,"column":65}},"5":{"start":{"line":7,"column":2},"end":{"line":7,"column":38}},"6":{"start":{"line":10,"column":0},"end":{"line":10,"column":38}},"7":{"start":{"line":12,"column":0},"end":{"line":16,"column":2}},"8":{"start":{"line":13,"column":2},"end":{"line":15,"column":3}},"9":{"start":{"line":14,"column":4},"end":{"line":14,"column":38}},"10":{"start":{"line":18,"column":0},"end":{"line":23,"column":2}},"11":{"start":{"line":19,"column":2},"end":{"line":21,"column":3}},"12":{"start":{"line":20,"column":4},"end":{"line":20,"column":53}},"13":{"start":{"line":22,"column":2},"end":{"line":22,"column":22}},"14":{"start":{"line":25,"column":0},"end":{"line":29,"column":2}},"15":{"start":{"line":26,"column":2},"end":{"line":28,"column":3}},"16":{"start":{"line":27,"column":4},"end":{"line":27,"column":37}},"17":{"start":{"line":31,"column":0},"end":{"line":39,"column":2}},"18":{"start":{"line":32,"column":2},"end":{"line":38,"column":3}},"19":{"start":{"line":33,"column":4},"end":{"line":37,"column":5}},"20":{"start":{"line":34,"column":6},"end":{"line":36,"column":7}},"21":{"start":{"line":35,"column":8},"end":{"line":35,"column":60}},"22":{"start":{"line":41,"column":0},"end":{"line":48,"column":2}},"23":{"start":{"line":42,"column":2},"end":{"line":47,"column":3}},"24":{"start":{"line":43,"column":4},"end":{"line":43,"column":25}},"25":{"start":{"line":44,"column":4},"end":{"line":44,"column":26}},"26":{"start":{"line":45,"column":4},"end":{"line":45,"column":40}},"27":{"start":{"line":46,"column":4},"end":{"line":46,"column":11}},"28":{"start":{"line":50,"column":0},"end":{"line":85,"column":2}},"29":{"start":{"line":51,"column":2},"end":{"line":84,"column":4}},"30":{"start":{"line":52,"column":4},"end":{"line":57,"column":5}},"31":{"start":{"line":53,"column":6},"end":{"line":53,"column":54}},"32":{"start":{"line":56,"column":6},"end":{"line":56,"column":17}},"33":{"start":{"line":58,"column":4},"end":{"line":83,"column":5}},"34":{"start":{"line":59,"column":6},"end":{"line":82,"column":9}},"35":{"start":{"line":60,"column":8},"end":{"line":81,"column":9}},"36":{"start":{"line":61,"column":10},"end":{"line":61,"column":20}},"37":{"start":{"line":62,"column":10},"end":{"line":62,"column":22}},"38":{"start":{"line":65,"column":10},"end":{"line":80,"column":11}},"39":{"start":{"line":66,"column":12},"end":{"line":73,"column":13}},"40":{"start":{"line":67,"column":14},"end":{"line":67,"column":61}},"41":{"start":{"line":70,"column":14},"end":{"line":70,"column":24}},"42":{"start":{"line":71,"column":14},"end":{"line":71,"column":26}},"43":{"start":{"line":72,"column":14},"end":{"line":72,"column":21}},"44":{"start":{"line":74,"column":12},"end":{"line":74,"column":35}},"45":{"start":{"line":75,"column":12},"end":{"line":75,"column":24}},"46":{"start":{"line":78,"column":12},"end":{"line":78,"column":19}},"47":{"start":{"line":79,"column":12},"end":{"line":79,"column":24}},"48":{"start":{"line":87,"column":0},"end":{"line":87,"column":26}}},"branchMap":{"1":{"line":6,"type":"binary-expr","locations":[{"start":{"line":6,"column":23},"end":{"line":6,"column":37}},{"start":{"line":6,"column":41},"end":{"line":6,"column":63}}]},"2":{"line":13,"type":"if","locations":[{"start":{"line":13,"column":2},"end":{"line":13,"column":2}},{"start":{"line":13,"column":2},"end":{"line":13,"column":2}}]},"3":{"line":19,"type":"if","locations":[{"start":{"line":19,"column":2},"end":{"line":19,"column":2}},{"start":{"line":19,"column":2},"end":{"line":19,"column":2}}]},"4":{"line":20,"type":"binary-expr","locations":[{"start":{"line":20,"column":11},"end":{"line":20,"column":36}},{"start":{"line":20,"column":40},"end":{"line":20,"column":52}}]},"5":{"line":26,"type":"if","locations":[{"start":{"line":26,"column":2},"end":{"line":26,"column":2}},{"start":{"line":26,"column":2},"end":{"line":26,"column":2}}]},"6":{"line":32,"type":"if","locations":[{"start":{"line":32,"column":2},"end":{"line":32,"column":2}},{"start":{"line":32,"column":2},"end":{"line":32,"column":2}}]},"7":{"line":34,"type":"if","locations":[{"start":{"line":34,"column":6},"end":{"line":34,"column":6}},{"start":{"line":34,"column":6},"end":{"line":34,"column":6}}]},"8":{"line":52,"type":"if","locations":[{"start":{"line":52,"column":4},"end":{"line":52,"column":4}},{"start":{"line":52,"column":4},"end":{"line":52,"column":4}}]},"9":{"line":60,"type":"if","locations":[{"start":{"line":60,"column":8},"end":{"line":60,"column":8}},{"start":{"line":60,"column":8},"end":{"line":60,"column":8}}]},"10":{"line":65,"type":"if","locations":[{"start":{"line":65,"column":10},"end":{"line":65,"column":10}},{"start":{"line":65,"column":10},"end":{"line":65,"column":10}}]}},"code":["var util = require('util');","","var BaseFacebook = require(__dirname + '/basefacebook.js');","","function Facebook(config) {","  this.hasSession = !!(config.request && config.request.session);","  BaseFacebook.apply(this, arguments);","}","","util.inherits(Facebook, BaseFacebook);","","Facebook.prototype.setPersistentData = function(key, value) {","  if (this.hasSession) {","    this.request.session[key] = value;","  }","};","","Facebook.prototype.getPersistentData = function(key, defaultValue) {","  if (this.hasSession) {","    return this.request.session[key] || defaultValue;","  }","  return defaultValue;","};","","Facebook.prototype.clearPersistentData = function(key) {","  if (this.hasSession) {","    delete this.request.session[key];","  }","};","","Facebook.prototype.clearAllPersistentData = function() {","  if (this.hasSession) {","    for (var name in this.sessionNameMap) {","      if (this.sessionNameMap.hasOwnProperty(name)) {","        this.clearPersistentData(this.sessionNameMap[name]);","      }","    }","  }","};","","Facebook.middleware = function(config) {","  return function(req, res, next) {","    config.request = req;","    config.response = res;","    req.facebook = new Facebook(config);","    next();","  }","};","","Facebook.loginRequired = function(config) {","  return function(req, res, next) {","    if (!req.facebook) {","      Facebook.middleware(config)(req, res, afterNew);","    }","    else {","      afterNew();","    }","    function afterNew() {","      req.facebook.getUser(function(err, user) {","        if (err) {","          next(err);","          next = null;","        }","        else {","          if (user === 0) { ","            try {","              var loginUrl = req.facebook.getLoginUrl(config)","            }","            catch (err) {","              next(err);","              next = null;","              return;","            }","            res.redirect(loginUrl);","            next = null;","          }","          else {","            next();","            next = null;","          }","        }","      });","    }","  };","};","","module.exports = Facebook;","",""],"l":{"1":1,"3":1,"5":1,"6":0,"7":0,"10":1,"12":1,"13":0,"14":0,"18":1,"19":0,"20":0,"22":0,"25":1,"26":0,"27":0,"31":1,"32":0,"33":0,"34":0,"35":0,"41":1,"42":0,"43":0,"44":0,"45":0,"46":0,"50":1,"51":0,"52":0,"53":0,"56":0,"58":1,"59":0,"60":0,"61":0,"62":0,"65":0,"66":0,"67":0,"70":0,"71":0,"72":0,"74":0,"75":0,"78":0,"79":0,"87":1}},"/home/travis/build/npmtest/node-npmtest-facebook-node-sdk/node_modules/facebook-node-sdk/lib/basefacebook.js":{"path":"/home/travis/build/npmtest/node-npmtest-facebook-node-sdk/node_modules/facebook-node-sdk/lib/basefacebook.js","s":{"1":1,"2":1,"3":1,"4":1,"5":1,"6":1,"7":1,"8":1,"9":1,"10":0,"11":0,"12":0,"13":0,"14":0,"15":0,"16":0,"17":0,"18":0,"19":0,"20":0,"21":0,"22":0,"23":1,"24":1,"25":1,"26":1,"27":1,"28":0,"29":0,"30":0,"31":0,"32":0,"33":0,"34":0,"35":1,"36":0,"37":0,"38":0,"39":1,"40":0,"41":1,"42":0,"43":1,"44":0,"45":0,"46":1,"47":1,"48":0,"49":0,"50":1,"51":0,"52":1,"53":1,"54":0,"55":0,"56":1,"57":0,"58":0,"59":1,"60":0,"61":1,"62":0,"63":1,"64":1,"65":0,"66":0,"67":1,"68":0,"69":1,"70":0,"71":1,"72":1,"73":0,"74":0,"75":1,"76":0,"77":0,"78":0,"79":0,"80":0,"81":0,"82":0,"83":0,"84":1,"85":1,"86":0,"87":0,"88":0,"89":0,"90":0,"91":0,"92":0,"93":0,"94":0,"95":0,"96":0,"97":0,"98":0,"99":0,"100":0,"101":0,"102":0,"103":1,"104":0,"105":0,"106":0,"107":0,"108":0,"109":0,"110":1,"111":1,"112":0,"113":0,"114":0,"115":0,"116":0,"117":0,"118":0,"119":1,"120":0,"121":0,"122":0,"123":0,"124":0,"125":0,"126":0,"127":0,"128":1,"129":0,"130":0,"131":0,"132":0,"133":0,"134":0,"135":0,"136":0,"137":0,"138":0,"139":0,"140":1,"141":1,"142":0,"143":0,"144":1,"145":1,"146":0,"147":0,"148":0,"149":0,"150":0,"151":0,"152":0,"153":1,"154":0,"155":1,"156":1,"157":0,"158":0,"159":0,"160":0,"161":0,"162":0,"163":0,"164":0,"165":0,"166":1,"167":0,"168":0,"169":0,"170":0,"171":0,"172":1,"173":1,"174":0,"175":0,"176":0,"177":0,"178":0,"179":0,"180":1,"181":1,"182":0,"183":0,"184":0,"185":0,"186":0,"187":0,"188":0,"189":0,"190":0,"191":0,"192":0,"193":0,"194":0,"195":0,"196":0,"197":0,"198":0,"199":0,"200":0,"201":0,"202":0,"203":0,"204":0,"205":0,"206":0,"207":1,"208":1,"209":0,"210":0,"211":0,"212":0,"213":0,"214":1,"215":1,"216":0,"217":0,"218":0,"219":0,"220":0,"221":0,"222":0,"223":0,"224":0,"225":0,"226":0,"227":0,"228":0,"229":1,"230":1,"231":0,"232":0,"233":0,"234":0,"235":1,"236":0,"237":0,"238":0,"239":0,"240":0,"241":0,"242":0,"243":0,"244":0,"245":0,"246":0,"247":0,"248":0,"249":0,"250":0,"251":0,"252":0,"253":0,"254":0,"255":0,"256":0,"257":0,"258":1,"259":1,"260":0,"261":0,"262":0,"263":0,"264":0,"265":0,"266":0,"267":1,"268":0,"269":0,"270":0,"271":0,"272":0,"273":0,"274":0,"275":0,"276":0,"277":0,"278":0,"279":0,"280":0,"281":0,"282":0,"283":0,"284":0,"285":0,"286":1,"287":0,"288":0,"289":0,"290":0,"291":0,"292":0,"293":0,"294":0,"295":0,"296":0,"297":0,"298":0,"299":0,"300":0,"301":0,"302":1,"303":1,"304":0,"305":0,"306":0,"307":0,"308":0,"309":0,"310":1,"311":0,"312":1,"313":0,"314":0,"315":0,"316":0,"317":0,"318":0,"319":0,"320":0,"321":0,"322":0,"323":0,"324":0,"325":0,"326":0,"327":0,"328":1,"329":0,"330":0,"331":1,"332":0,"333":1,"334":0,"335":0,"336":0,"337":0,"338":0,"339":0,"340":0,"341":0,"342":0,"343":0,"344":1,"345":0,"346":0,"347":0,"348":0,"349":1,"350":1,"351":0,"352":0,"353":0,"354":0,"355":0,"356":0,"357":0,"358":0,"359":0,"360":0,"361":0,"362":0,"363":0,"364":0,"365":0,"366":1,"367":1,"368":0,"369":0,"370":0,"371":0,"372":0,"373":0,"374":0,"375":0,"376":0,"377":0,"378":0,"379":0,"380":0,"381":0,"382":0,"383":0,"384":0,"385":0,"386":0,"387":0,"388":0,"389":0,"390":0,"391":0,"392":0,"393":0,"394":1,"395":0,"396":0,"397":1,"398":1,"399":0,"400":0,"401":0,"402":0,"403":0,"404":0,"405":0,"406":0,"407":0,"408":0,"409":1,"410":0,"411":0,"412":0,"413":0,"414":0,"415":1,"416":1,"417":0,"418":1,"419":1,"420":0,"421":1,"422":0,"423":0,"424":0,"425":0,"426":0,"427":0,"428":0,"429":0,"430":0,"431":0,"432":0,"433":1,"434":1,"435":1,"436":0,"437":1,"438":0,"439":0,"440":0,"441":0,"442":0,"443":0,"444":0,"445":0,"446":1,"447":0,"448":0,"449":0,"450":0,"451":1,"452":1,"453":0,"454":1},"b":{"1":[0,0],"2":[0,0],"3":[0,0],"4":[0,0],"5":[0,0],"6":[0,0],"7":[0,0],"8":[0,0],"9":[0,0],"10":[0,0],"11":[0,0],"12":[0,0,0],"13":[0,0],"14":[0,0],"15":[0,0],"16":[0,0],"17":[0,0],"18":[0,0],"19":[0,0],"20":[0,0],"21":[0,0],"22":[0,0],"23":[0,0],"24":[0,0],"25":[0,0],"26":[0,0],"27":[0,0],"28":[0,0],"29":[0,0],"30":[0,0],"31":[0,0],"32":[0,0],"33":[0,0],"34":[0,0],"35":[0,0],"36":[0,0],"37":[0,0],"38":[0,0],"39":[0,0],"40":[0,0,0,0],"41":[0,0],"42":[0,0],"43":[0,0],"44":[0,0],"45":[0,0],"46":[0,0,0],"47":[0,0],"48":[0,0],"49":[0,0],"50":[0,0],"51":[0,0],"52":[0,0],"53":[0,0],"54":[0,0],"55":[0,0],"56":[0,0],"57":[0,0,0],"58":[0,0,0],"59":[0,0],"60":[0,0,0],"61":[0,0],"62":[0,0],"63":[0,0],"64":[0,0],"65":[0,0],"66":[0,0],"67":[0,0],"68":[0,0,0],"69":[0,0],"70":[0,0],"71":[0,0],"72":[0,0],"73":[0,0],"74":[0,0],"75":[0,0],"76":[0,0],"77":[0,0],"78":[0,0],"79":[0,0,0],"80":[0,0],"81":[0,0],"82":[0,0],"83":[0,0],"84":[0,0],"85":[0,0],"86":[0,0],"87":[0,0],"88":[0,0],"89":[0,0],"90":[0,0,0],"91":[0,0],"92":[0,0],"93":[0,0],"94":[0,0],"95":[0,0],"96":[0,0],"97":[0,0],"98":[0,0],"99":[0,0],"100":[0,0],"101":[0,0,0],"102":[0,0],"103":[0,0],"104":[0,0],"105":[0,0],"106":[0,0],"107":[0,0],"108":[0,0],"109":[0,0,0]},"f":{"1":0,"2":0,"3":0,"4":0,"5":0,"6":0,"7":0,"8":0,"9":0,"10":0,"11":0,"12":0,"13":0,"14":0,"15":0,"16":0,"17":0,"18":0,"19":0,"20":0,"21":0,"22":0,"23":0,"24":0,"25":0,"26":0,"27":0,"28":0,"29":0,"30":0,"31":0,"32":0,"33":0,"34":0,"35":0,"36":0,"37":0,"38":0,"39":0,"40":0,"41":0,"42":0,"43":0,"44":0,"45":0,"46":0,"47":0,"48":0,"49":0,"50":0,"51":0,"52":0,"53":0,"54":0,"55":0,"56":0,"57":0,"58":0,"59":0,"60":0,"61":0,"62":0,"63":0,"64":0,"65":0,"66":0},"fnMap":{"1":{"name":"BaseFacebook","line":20,"loc":{"start":{"line":20,"column":0},"end":{"line":20,"column":30}}},"2":{"name":"(anonymous_2)","line":54,"loc":{"start":{"line":54,"column":41},"end":{"line":54,"column":55}}},"3":{"name":"(anonymous_3)","line":69,"loc":{"start":{"line":69,"column":35},"end":{"line":69,"column":49}}},"4":{"name":"(anonymous_4)","line":78,"loc":{"start":{"line":78,"column":35},"end":{"line":78,"column":49}}},"5":{"name":"(anonymous_5)","line":82,"loc":{"start":{"line":82,"column":37},"end":{"line":82,"column":48}}},"6":{"name":"(anonymous_6)","line":86,"loc":{"start":{"line":86,"column":37},"end":{"line":86,"column":60}}},"7":{"name":"(anonymous_7)","line":109,"loc":{"start":{"line":109,"column":34},"end":{"line":109,"column":50}}},"8":{"name":"(anonymous_8)","line":119,"loc":{"start":{"line":119,"column":34},"end":{"line":119,"column":45}}},"9":{"name":"(anonymous_9)","line":132,"loc":{"start":{"line":132,"column":38},"end":{"line":132,"column":58}}},"10":{"name":"(anonymous_10)","line":143,"loc":{"start":{"line":143,"column":38},"end":{"line":143,"column":58}}},"11":{"name":"(anonymous_11)","line":154,"loc":{"start":{"line":154,"column":38},"end":{"line":154,"column":49}}},"12":{"name":"(anonymous_12)","line":163,"loc":{"start":{"line":163,"column":38},"end":{"line":163,"column":49}}},"13":{"name":"(anonymous_13)","line":175,"loc":{"start":{"line":175,"column":46},"end":{"line":175,"column":74}}},"14":{"name":"(anonymous_14)","line":185,"loc":{"start":{"line":185,"column":46},"end":{"line":185,"column":57}}},"15":{"name":"(anonymous_15)","line":197,"loc":{"start":{"line":197,"column":46},"end":{"line":197,"column":57}}},"16":{"name":"(anonymous_16)","line":212,"loc":{"start":{"line":212,"column":40},"end":{"line":212,"column":62}}},"17":{"name":"getAccessToken","line":226,"loc":{"start":{"line":226,"column":40},"end":{"line":226,"column":74}}},"18":{"name":"(anonymous_18)","line":237,"loc":{"start":{"line":237,"column":65},"end":{"line":237,"column":91}}},"19":{"name":"getUserAccessToken","line":258,"loc":{"start":{"line":258,"column":44},"end":{"line":258,"column":82}}},"20":{"name":"handleAccessTokenFromCode","line":301,"loc":{"start":{"line":301,"column":2},"end":{"line":301,"column":50}}},"21":{"name":"(anonymous_21)","line":320,"loc":{"start":{"line":320,"column":37},"end":{"line":320,"column":48}}},"22":{"name":"(anonymous_22)","line":347,"loc":{"start":{"line":347,"column":37},"end":{"line":347,"column":54}}},"23":{"name":"getLogoutUrl","line":376,"loc":{"start":{"line":376,"column":38},"end":{"line":376,"column":84}}},"24":{"name":"(anonymous_24)","line":385,"loc":{"start":{"line":385,"column":59},"end":{"line":385,"column":81}}},"25":{"name":"(anonymous_25)","line":408,"loc":{"start":{"line":408,"column":43},"end":{"line":408,"column":60}}},"26":{"name":"(anonymous_26)","line":426,"loc":{"start":{"line":426,"column":49},"end":{"line":426,"column":60}}},"27":{"name":"(anonymous_27)","line":445,"loc":{"start":{"line":445,"column":51},"end":{"line":445,"column":62}}},"28":{"name":"(anonymous_28)","line":457,"loc":{"start":{"line":457,"column":42},"end":{"line":457,"column":53}}},"29":{"name":"parseSignedRequestWrapped","line":472,"loc":{"start":{"line":472,"column":2},"end":{"line":472,"column":48}}},"30":{"name":"getUser","line":493,"loc":{"start":{"line":493,"column":33},"end":{"line":493,"column":60}}},"31":{"name":"(anonymous_31)","line":500,"loc":{"start":{"line":500,"column":71},"end":{"line":500,"column":86}}},"32":{"name":"getUserFromAvailableData","line":517,"loc":{"start":{"line":517,"column":50},"end":{"line":517,"column":94}}},"33":{"name":"(anonymous_33)","line":541,"loc":{"start":{"line":541,"column":24},"end":{"line":541,"column":51}}},"34":{"name":"(anonymous_34)","line":552,"loc":{"start":{"line":552,"column":75},"end":{"line":552,"column":90}}},"35":{"name":"api","line":581,"loc":{"start":{"line":581,"column":29},"end":{"line":581,"column":61}}},"36":{"name":"restserver","line":600,"loc":{"start":{"line":600,"column":36},"end":{"line":600,"column":74}}},"37":{"name":"(anonymous_37)","line":607,"loc":{"start":{"line":607,"column":90},"end":{"line":607,"column":109}}},"38":{"name":"isVideoPost","line":637,"loc":{"start":{"line":637,"column":37},"end":{"line":637,"column":72}}},"39":{"name":"graph","line":654,"loc":{"start":{"line":654,"column":31},"end":{"line":654,"column":84}}},"40":{"name":"(anonymous_40)","line":678,"loc":{"start":{"line":678,"column":79},"end":{"line":678,"column":98}}},"41":{"name":"(anonymous_41)","line":704,"loc":{"start":{"line":704,"column":40},"end":{"line":704,"column":57}}},"42":{"name":"(anonymous_42)","line":727,"loc":{"start":{"line":727,"column":40},"end":{"line":727,"column":51}}},"43":{"name":"getMetadataCookie","line":774,"loc":{"start":{"line":774,"column":43},"end":{"line":774,"column":72}}},"44":{"name":"(anonymous_44)","line":870,"loc":{"start":{"line":870,"column":36},"end":{"line":870,"column":53}}},"45":{"name":"(anonymous_45)","line":890,"loc":{"start":{"line":890,"column":52},"end":{"line":890,"column":63}}},"46":{"name":"(anonymous_46)","line":902,"loc":{"start":{"line":902,"column":44},"end":{"line":902,"column":68}}},"47":{"name":"(anonymous_47)","line":930,"loc":{"start":{"line":930,"column":41},"end":{"line":930,"column":57}}},"48":{"name":"getMetadataCookieName","line":942,"loc":{"start":{"line":942,"column":47},"end":{"line":942,"column":80}}},"49":{"name":"(anonymous_49)","line":954,"loc":{"start":{"line":954,"column":33},"end":{"line":954,"column":44}}},"50":{"name":"getUserFromAccessToken","line":983,"loc":{"start":{"line":983,"column":48},"end":{"line":983,"column":90}}},"51":{"name":"(anonymous_51)","line":984,"loc":{"start":{"line":984,"column":54},"end":{"line":984,"column":78}}},"52":{"name":"getAccessTokenFromCode","line":1008,"loc":{"start":{"line":1008,"column":48},"end":{"line":1008,"column":109}}},"53":{"name":"(anonymous_53)","line":1025,"loc":{"start":{"line":1025,"column":40},"end":{"line":1025,"column":75}}},"54":{"name":"(anonymous_54)","line":1063,"loc":{"start":{"line":1063,"column":39},"end":{"line":1063,"column":50}}},"55":{"name":"(anonymous_55)","line":1098,"loc":{"start":{"line":1098,"column":27},"end":{"line":1098,"column":43}}},"56":{"name":"(anonymous_56)","line":1118,"loc":{"start":{"line":1118,"column":43},"end":{"line":1118,"column":59}}},"57":{"name":"oauthRequest","line":1138,"loc":{"start":{"line":1138,"column":38},"end":{"line":1138,"column":90}}},"58":{"name":"(anonymous_58)","line":1141,"loc":{"start":{"line":1141,"column":24},"end":{"line":1141,"column":51}}},"59":{"name":"next","line":1157,"loc":{"start":{"line":1157,"column":2},"end":{"line":1157,"column":18}}},"60":{"name":"makeRequest","line":1182,"loc":{"start":{"line":1182,"column":37},"end":{"line":1182,"column":88}}},"61":{"name":"(anonymous_61)","line":1193,"loc":{"start":{"line":1193,"column":34},"end":{"line":1193,"column":48}}},"62":{"name":"FacebookApiError","line":1202,"loc":{"start":{"line":1202,"column":0},"end":{"line":1202,"column":34}}},"63":{"name":"(anonymous_63)","line":1236,"loc":{"start":{"line":1236,"column":39},"end":{"line":1236,"column":50}}},"64":{"name":"(anonymous_64)","line":1246,"loc":{"start":{"line":1246,"column":37},"end":{"line":1246,"column":48}}},"65":{"name":"(anonymous_65)","line":1269,"loc":{"start":{"line":1269,"column":38},"end":{"line":1269,"column":49}}},"66":{"name":"isArray","line":1280,"loc":{"start":{"line":1280,"column":0},"end":{"line":1280,"column":21}}}},"statementMap":{"1":{"start":{"line":1,"column":0},"end":{"line":1,"column":31}},"2":{"start":{"line":2,"column":0},"end":{"line":2,"column":29}},"3":{"start":{"line":3,"column":0},"end":{"line":3,"column":31}},"4":{"start":{"line":4,"column":0},"end":{"line":4,"column":27}},"5":{"start":{"line":5,"column":0},"end":{"line":5,"column":25}},"6":{"start":{"line":6,"column":0},"end":{"line":6,"column":41}},"7":{"start":{"line":7,"column":0},"end":{"line":7,"column":29}},"8":{"start":{"line":8,"column":0},"end":{"line":8,"column":43}},"9":{"start":{"line":20,"column":0},"end":{"line":40,"column":1}},"10":{"start":{"line":21,"column":2},"end":{"line":23,"column":3}},"11":{"start":{"line":22,"column":4},"end":{"line":22,"column":34}},"12":{"start":{"line":24,"column":2},"end":{"line":26,"column":3}},"13":{"start":{"line":25,"column":4},"end":{"line":25,"column":36}},"14":{"start":{"line":27,"column":2},"end":{"line":29,"column":3}},"15":{"start":{"line":28,"column":4},"end":{"line":28,"column":40}},"16":{"start":{"line":30,"column":2},"end":{"line":30,"column":30}},"17":{"start":{"line":31,"column":2},"end":{"line":31,"column":35}},"18":{"start":{"line":32,"column":2},"end":{"line":34,"column":3}},"19":{"start":{"line":33,"column":4},"end":{"line":33,"column":49}},"20":{"start":{"line":36,"column":2},"end":{"line":36,"column":46}},"21":{"start":{"line":37,"column":2},"end":{"line":39,"column":3}},"22":{"start":{"line":38,"column":4},"end":{"line":38,"column":23}},"23":{"start":{"line":42,"column":0},"end":{"line":42,"column":38}},"24":{"start":{"line":43,"column":0},"end":{"line":43,"column":39}},"25":{"start":{"line":45,"column":0},"end":{"line":45,"column":41}},"26":{"start":{"line":47,"column":0},"end":{"line":52,"column":2}},"27":{"start":{"line":54,"column":0},"end":{"line":67,"column":2}},"28":{"start":{"line":55,"column":2},"end":{"line":57,"column":3}},"29":{"start":{"line":56,"column":4},"end":{"line":56,"column":16}},"30":{"start":{"line":58,"column":2},"end":{"line":66,"column":3}},"31":{"start":{"line":59,"column":4},"end":{"line":59,"column":35}},"32":{"start":{"line":61,"column":7},"end":{"line":66,"column":3}},"33":{"start":{"line":62,"column":4},"end":{"line":62,"column":34}},"34":{"start":{"line":65,"column":4},"end":{"line":65,"column":16}},"35":{"start":{"line":69,"column":0},"end":{"line":76,"column":2}},"36":{"start":{"line":70,"column":2},"end":{"line":75,"column":3}},"37":{"start":{"line":71,"column":4},"end":{"line":71,"column":37}},"38":{"start":{"line":74,"column":4},"end":{"line":74,"column":16}},"39":{"start":{"line":78,"column":0},"end":{"line":80,"column":2}},"40":{"start":{"line":79,"column":2},"end":{"line":79,"column":90}},"41":{"start":{"line":82,"column":0},"end":{"line":84,"column":2}},"42":{"start":{"line":83,"column":2},"end":{"line":83,"column":48}},"43":{"start":{"line":86,"column":0},"end":{"line":90,"column":2}},"44":{"start":{"line":87,"column":2},"end":{"line":89,"column":3}},"45":{"start":{"line":88,"column":4},"end":{"line":88,"column":62}},"46":{"start":{"line":101,"column":0},"end":{"line":101,"column":36}},"47":{"start":{"line":109,"column":0},"end":{"line":112,"column":2}},"48":{"start":{"line":110,"column":2},"end":{"line":110,"column":21}},"49":{"start":{"line":111,"column":2},"end":{"line":111,"column":14}},"50":{"start":{"line":119,"column":0},"end":{"line":121,"column":2}},"51":{"start":{"line":120,"column":2},"end":{"line":120,"column":20}},"52":{"start":{"line":123,"column":0},"end":{"line":123,"column":40}},"53":{"start":{"line":132,"column":0},"end":{"line":135,"column":2}},"54":{"start":{"line":133,"column":2},"end":{"line":133,"column":29}},"55":{"start":{"line":134,"column":2},"end":{"line":134,"column":14}},"56":{"start":{"line":143,"column":0},"end":{"line":146,"column":2}},"57":{"start":{"line":144,"column":2},"end":{"line":144,"column":29}},"58":{"start":{"line":145,"column":2},"end":{"line":145,"column":14}},"59":{"start":{"line":154,"column":0},"end":{"line":156,"column":2}},"60":{"start":{"line":155,"column":2},"end":{"line":155,"column":24}},"61":{"start":{"line":163,"column":0},"end":{"line":165,"column":2}},"62":{"start":{"line":164,"column":2},"end":{"line":164,"column":24}},"63":{"start":{"line":167,"column":0},"end":{"line":167,"column":49}},"64":{"start":{"line":175,"column":0},"end":{"line":178,"column":2}},"65":{"start":{"line":176,"column":2},"end":{"line":176,"column":45}},"66":{"start":{"line":177,"column":2},"end":{"line":177,"column":14}},"67":{"start":{"line":185,"column":0},"end":{"line":187,"column":2}},"68":{"start":{"line":186,"column":2},"end":{"line":186,"column":32}},"69":{"start":{"line":197,"column":0},"end":{"line":199,"column":1}},"70":{"start":{"line":198,"column":2},"end":{"line":198,"column":37}},"71":{"start":{"line":202,"column":0},"end":{"line":202,"column":42}},"72":{"start":{"line":212,"column":0},"end":{"line":215,"column":2}},"73":{"start":{"line":213,"column":2},"end":{"line":213,"column":33}},"74":{"start":{"line":214,"column":2},"end":{"line":214,"column":14}},"75":{"start":{"line":226,"column":0},"end":{"line":244,"column":2}},"76":{"start":{"line":227,"column":2},"end":{"line":243,"column":3}},"77":{"start":{"line":229,"column":4},"end":{"line":229,"column":37}},"78":{"start":{"line":235,"column":4},"end":{"line":235,"column":58}},"79":{"start":{"line":236,"column":4},"end":{"line":236,"column":20}},"80":{"start":{"line":237,"column":4},"end":{"line":242,"column":8}},"81":{"start":{"line":238,"column":6},"end":{"line":240,"column":7}},"82":{"start":{"line":239,"column":8},"end":{"line":239,"column":45}},"83":{"start":{"line":241,"column":6},"end":{"line":241,"column":30}},"84":{"start":{"line":246,"column":0},"end":{"line":246,"column":87}},"85":{"start":{"line":258,"column":0},"end":{"line":316,"column":2}},"86":{"start":{"line":262,"column":2},"end":{"line":262,"column":46}},"87":{"start":{"line":263,"column":2},"end":{"line":300,"column":3}},"88":{"start":{"line":265,"column":4},"end":{"line":285,"column":5}},"89":{"start":{"line":266,"column":6},"end":{"line":266,"column":50}},"90":{"start":{"line":267,"column":6},"end":{"line":267,"column":58}},"91":{"start":{"line":268,"column":6},"end":{"line":268,"column":34}},"92":{"start":{"line":272,"column":6},"end":{"line":284,"column":7}},"93":{"start":{"line":273,"column":8},"end":{"line":273,"column":38}},"94":{"start":{"line":274,"column":8},"end":{"line":274,"column":24}},"95":{"start":{"line":275,"column":8},"end":{"line":275,"column":113}},"96":{"start":{"line":280,"column":8},"end":{"line":280,"column":38}},"97":{"start":{"line":283,"column":8},"end":{"line":283,"column":30}},"98":{"start":{"line":288,"column":4},"end":{"line":288,"column":30}},"99":{"start":{"line":289,"column":4},"end":{"line":299,"column":5}},"100":{"start":{"line":290,"column":6},"end":{"line":290,"column":22}},"101":{"start":{"line":291,"column":6},"end":{"line":291,"column":111}},"102":{"start":{"line":298,"column":6},"end":{"line":298,"column":61}},"103":{"start":{"line":301,"column":2},"end":{"line":315,"column":3}},"104":{"start":{"line":302,"column":4},"end":{"line":314,"column":5}},"105":{"start":{"line":303,"column":6},"end":{"line":303,"column":43}},"106":{"start":{"line":304,"column":6},"end":{"line":304,"column":58}},"107":{"start":{"line":305,"column":6},"end":{"line":305,"column":25}},"108":{"start":{"line":310,"column":6},"end":{"line
[...]
e":75,"column":2}},"33":{"start":{"line":73,"column":2},"end":{"line":73,"column":41}},"34":{"start":{"line":74,"column":2},"end":{"line":74,"column":60}},"35":{"start":{"line":77,"column":0},"end":{"line":77,"column":99}},"36":{"start":{"line":79,"column":0},"end":{"line":84,"column":2}},"37":{"start":{"line":80,"column":2},"end":{"line":80,"column":85}},"38":{"start":{"line":81,"column":2},"end":{"line":81,"column":43}},"39":{"start":{"line":82,"column":2},"end":{"line":82,"column":65}},"40":{"start":{"line":83,"column":2},"end":{"line":83,"column":16}},"41":{"start":{"line":86,"column":0},"end":{"line":86,"column":109}},"42":{"start":{"line":87,"column":0},"end":{"line":87,"column":72}},"43":{"start":{"line":88,"column":0},"end":{"line":88,"column":91}},"44":{"start":{"line":89,"column":0},"end":{"line":89,"column":80}},"45":{"start":{"line":90,"column":0},"end":{"line":90,"column":82}},"46":{"start":{"line":92,"column":0},"end":{"line":126,"column":2}},"47":{"start":{"line":94,"column":2},"end":{"line":94,"column":18}},"48":{"start":{"line":95,"column":2},"end":{"line":118,"column":8}},"49":{"start":{"line":96,"column":4},"end":{"line":98,"column":38}},"50":{"start":{"line":100,"column":4},"end":{"line":102,"column":55}},"51":{"start":{"line":103,"column":4},"end":{"line":107,"column":5}},"52":{"start":{"line":104,"column":6},"end":{"line":106,"column":65}},"53":{"start":{"line":108,"column":4},"end":{"line":108,"column":35}},"54":{"start":{"line":110,"column":4},"end":{"line":113,"column":35}},"55":{"start":{"line":115,"column":4},"end":{"line":115,"column":47}},"56":{"start":{"line":117,"column":4},"end":{"line":117,"column":28}},"57":{"start":{"line":120,"column":2},"end":{"line":123,"column":29}},"58":{"start":{"line":125,"column":2},"end":{"line":125,"column":16}},"59":{"start":{"line":128,"column":0},"end":{"line":224,"column":2}},"60":{"start":{"line":129,"column":2},"end":{"line":129,"column":18}},"61":{"start":{"line":130,"column":2},"end":{"line":130,"column":25}},"62":{"start":{"line":132,"column":2},"end":{"line":132,"column":20}},"63":{"start":{"line":134,"column":2},"end":{"line":164,"column":3}},"64":{"start":{"line":135,"column":4},"end":{"line":135,"column":24}},"65":{"start":{"line":137,"column":4},"end":{"line":137,"column":29}},"66":{"start":{"line":138,"column":4},"end":{"line":138,"column":33}},"67":{"start":{"line":139,"column":4},"end":{"line":139,"column":29}},"68":{"start":{"line":141,"column":4},"end":{"line":141,"column":49}},"69":{"start":{"line":142,"column":4},"end":{"line":142,"column":29}},"70":{"start":{"line":143,"column":4},"end":{"line":143,"column":49}},"71":{"start":{"line":144,"column":4},"end":{"line":148,"column":5}},"72":{"start":{"line":145,"column":6},"end":{"line":145,"column":59}},"73":{"start":{"line":146,"column":6},"end":{"line":146,"column":35}},"74":{"start":{"line":147,"column":6},"end":{"line":147,"column":59}},"75":{"start":{"line":149,"column":4},"end":{"line":149,"column":29}},"76":{"start":{"line":151,"column":4},"end":{"line":151,"column":46}},"77":{"start":{"line":152,"column":4},"end":{"line":152,"column":29}},"78":{"start":{"line":153,"column":4},"end":{"line":153,"column":29}},"79":{"start":{"line":154,"column":4},"end":{"line":154,"column":29}},"80":{"start":{"line":156,"column":4},"end":{"line":163,"column":5}},"81":{"start":{"line":157,"column":6},"end":{"line":157,"column":33}},"82":{"start":{"line":158,"column":6},"end":{"line":158,"column":31}},"83":{"start":{"line":161,"column":6},"end":{"line":161,"column":33}},"84":{"start":{"line":162,"column":6},"end":{"line":162,"column":31}},"85":{"start":{"line":166,"column":2},"end":{"line":166,"column":27}},"86":{"start":{"line":167,"column":2},"end":{"line":167,"column":31}},"87":{"start":{"line":168,"column":2},"end":{"line":168,"column":27}},"88":{"start":{"line":169,"column":2},"end":{"line":169,"column":27}},"89":{"start":{"line":171,"column":2},"end":{"line":221,"column":3}},"90":{"start":{"line":172,"column":4},"end":{"line":172,"column":29}},"91":{"start":{"line":173,"column":4},"end":{"line":176,"column":5}},"92":{"start":{"line":174,"column":6},"end":{"line":174,"column":21}},"93":{"start":{"line":175,"column":6},"end":{"line":175,"column":13}},"94":{"start":{"line":177,"column":4},"end":{"line":220,"column":5}},"95":{"start":{"line":178,"column":6},"end":{"line":216,"column":7}},"96":{"start":{"line":179,"column":8},"end":{"line":179,"column":28}},"97":{"start":{"line":180,"column":8},"end":{"line":192,"column":9}},"98":{"start":{"line":181,"column":10},"end":{"line":181,"column":43}},"99":{"start":{"line":184,"column":10},"end":{"line":191,"column":13}},"100":{"start":{"line":185,"column":12},"end":{"line":190,"column":13}},"101":{"start":{"line":186,"column":14},"end":{"line":186,"column":47}},"102":{"start":{"line":189,"column":14},"end":{"line":189,"column":28}},"103":{"start":{"line":195,"column":8},"end":{"line":195,"column":36}},"104":{"start":{"line":196,"column":8},"end":{"line":201,"column":10}},"105":{"start":{"line":197,"column":10},"end":{"line":197,"column":93}},"106":{"start":{"line":197,"column":16},"end":{"line":197,"column":78}},"107":{"start":{"line":198,"column":10},"end":{"line":198,"column":89}},"108":{"start":{"line":198,"column":16},"end":{"line":198,"column":74}},"109":{"start":{"line":199,"column":10},"end":{"line":199,"column":56}},"110":{"start":{"line":199,"column":16},"end":{"line":199,"column":41}},"111":{"start":{"line":200,"column":10},"end":{"line":200,"column":24}},"112":{"start":{"line":202,"column":8},"end":{"line":211,"column":10}},"113":{"start":{"line":203,"column":10},"end":{"line":210,"column":11}},"114":{"start":{"line":204,"column":12},"end":{"line":204,"column":74}},"115":{"start":{"line":205,"column":12},"end":{"line":205,"column":70}},"116":{"start":{"line":206,"column":12},"end":{"line":206,"column":45}},"117":{"start":{"line":209,"column":12},"end":{"line":209,"column":26}},"118":{"start":{"line":212,"column":8},"end":{"line":212,"column":58}},"119":{"start":{"line":213,"column":8},"end":{"line":213,"column":54}},"120":{"start":{"line":214,"column":8},"end":{"line":214,"column":52}},"121":{"start":{"line":215,"column":8},"end":{"line":215,"column":32}},"122":{"start":{"line":219,"column":6},"end":{"line":219,"column":20}},"123":{"start":{"line":223,"column":2},"end":{"line":223,"column":26}},"124":{"start":{"line":226,"column":0},"end":{"line":226,"column":79}},"125":{"start":{"line":228,"column":0},"end":{"line":228,"column":27}}},"branchMap":{"1":{"line":30,"type":"if","locations":[{"start":{"line":30,"column":4},"end":{"line":30,"column":4}},{"start":{"line":30,"column":4},"end":{"line":30,"column":4}}]},"2":{"line":53,"type":"cond-expr","locations":[{"start":{"line":53,"column":45},"end":{"line":53,"column":73}},{"start":{"line":53,"column":76},"end":{"line":53,"column":80}}]},"3":{"line":56,"type":"binary-expr","locations":[{"start":{"line":56,"column":21},"end":{"line":56,"column":25}},{"start":{"line":56,"column":29},"end":{"line":56,"column":55}}]},"4":{"line":65,"type":"cond-expr","locations":[{"start":{"line":65,"column":45},"end":{"line":65,"column":73}},{"start":{"line":65,"column":76},"end":{"line":65,"column":80}}]},"5":{"line":68,"type":"binary-expr","locations":[{"start":{"line":68,"column":21},"end":{"line":68,"column":25}},{"start":{"line":68,"column":29},"end":{"line":68,"column":55}}]},"6":{"line":103,"type":"if","locations":[{"start":{"line":103,"column":4},"end":{"line":103,"column":4}},{"start":{"line":103,"column":4},"end":{"line":103,"column":4}}]},"7":{"line":144,"type":"if","locations":[{"start":{"line":144,"column":4},"end":{"line":144,"column":4}},{"start":{"line":144,"column":4},"end":{"line":144,"column":4}}]},"8":{"line":156,"type":"if","locations":[{"start":{"line":156,"column":4},"end":{"line":156,"column":4}},{"start":{"line":156,"column":4},"end":{"line":156,"column":4}}]},"9":{"line":173,"type":"if","locations":[{"start":{"line":173,"column":4},"end":{"line":173,"column":4}},{"start":{"line":173,"column":4},"end":{"line":173,"column":4}}]},"10":{"line":178,"type":"if","locations":[{"start":{"line":178,"column":6},"end":{"line":178,"column":6}},{"start":{"line":178,"column":6},"end":{"line":178,"column":6}}]},"11":{"line":180,"type":"if","locations":[{"start":{"line":180,"column":8},"end":{"line":180,"column":8}},{"start":{"line":180,"column":8},"end":{"line":180,"column":8}}]}},"code":["","var assert = require('assert');","var path = require('path');","var fs = require('fs');","var cb = require('./cbutil');","","function Multipart() {","  this.dash = new Buffer('--', 'ascii');","","  this.boundary = this.generateBoundary();","","  this.parts = [];","}","","Multipart.prototype.dash = null;","Multipart.prototype.boundary = null;","Multipart.prototype.crlf = new Buffer('\\r\\n', 'ascii');","","Multipart.prototype.generateBoundary = function generateBoundary() {","  return new Buffer(","    Math.floor(Math.random() * 0x80000000).toString(36) +","    Math.abs(Math.floor(Math.random() * 0x80000000) ^ +new Date()).toString(36),","    'ascii'","  );","};","","Multipart.prototype.addFile = function addFile(name, filePath, callback) {","  var self = this;","  fs.open(filePath, 'r', function(err, fd) {","    if (err) {","      callback(err);","      return;","    }","    try {","      fs.fstat(fd, cb.returnToCallback(callback, false, function(stat) {","        var fileName = path.basename(filePath);","        self.addStream(name, stat.size, fs.createReadStream(filePath, { fd: fd }), null, fileName);","        return null;","      }));","    }","    catch (e) {","      callback(e);","    }","  });","};","","Multipart.prototype.addFile = cb.wrap(Multipart.prototype.addFile);","","Multipart.prototype.addBuffer = function addBuffer(name, buffer, mime, fileName) {","  this.parts.push({","    type: 'buffer',","    name: new Buffer(name, 'utf8'),","    fileName: typeof fileName === 'string' ? new Buffer(fileName, 'utf8') : null,","    buffer: buffer,","    size: buffer.length,","    mime: new Buffer(mime || 'application/octet-stream', 'ascii')","  });","};","","Multipart.prototype.addStream = function addStream(name, size, stream, mime, fileName) {","  stream.pause();","  this.parts.push({","    type: 'stream',","    name: new Buffer(name, 'utf8'),","    fileName: typeof fileName === 'string' ? new Buffer(fileName, 'utf8') : null,","    stream: stream,","    size: size,","    mime: new Buffer(mime || 'application/octet-stream', 'ascii')","  });","};","","Multipart.prototype.addText = function addText(name, text) {","  var buffer = new Buffer(text, 'ascii');","  this.addBuffer(name, buffer, 'text/plain; charset=UTF-8');","};","","Multipart.prototype.contentTypeValuePrefix = new Buffer('multipart/form-data; boundary=', 'ascii');","","Multipart.prototype.getContentType = function getContentType() {","  var buffer = new Buffer(this.contentTypeValuePrefix.length + this.boundary.length);","  this.contentTypeValuePrefix.copy(buffer);","  this.boundary.copy(buffer, this.contentTypeValuePrefix.length);","  return buffer;","};","","Multipart.prototype.contentDispositionPrefix = new Buffer('Content-Disposition: form-data; name=\"', 'ascii');","Multipart.prototype.contentDispositionSuffix = new Buffer('\"', 'ascii');","Multipart.prototype.contentDispositionFilenamePrefix = new Buffer('; filename=\"', 'ascii');","Multipart.prototype.contentDispositionFilenameSuffix = new Buffer('\"', 'ascii');","Multipart.prototype.partContentTypePrefix = new Buffer('Content-Type: ', 'ascii');","","Multipart.prototype.getContentLength = function getContentLength() {","","  var self = this;","  var length = this.parts.reduce(function(sum, part) {","    var partLength = self.dash.length +","                     self.boundary.length +","                     self.crlf.length;","","    partLength += self.contentDispositionPrefix.length +","                  part.name.length +","                  self.contentDispositionSuffix.length;","    if (part.fileName !== null) {","      partLength += self.contentDispositionFilenamePrefix.length +","                    part.fileName.length +","                    self.contentDispositionFilenameSuffix.length;","    }","    partLength += self.crlf.length;","","    partLength += self.partContentTypePrefix.length +","                  part.mime.length +","                  self.crlf.length +","                  self.crlf.length;","","    partLength += part.size + self.crlf.length;","","    return sum + partLength;","  }, 0);","","  length += self.dash.length +","            self.boundary.length +","            self.dash.length +","            self.crlf.length;","","  return length;","};","","Multipart.prototype.writeToStream = function writeToStream(stream, callback) {","  var self = this;","  var parts = this.parts;","","  var entities = [];","","  for (var i = 0; i < parts.length; i++) {","    var part = parts[i];","","    entities.push(self.dash);","    entities.push(self.boundary);","    entities.push(self.crlf);","","    entities.push(self.contentDispositionPrefix);","    entities.push(part.name);","    entities.push(self.contentDispositionSuffix);","    if (part.fileName !== null) {","      entities.push(self.contentDispositionFilenamePrefix);","      entities.push(part.fileName);","      entities.push(self.contentDispositionFilenameSuffix);","    }","    entities.push(self.crlf);","","    entities.push(self.partContentTypePrefix);","    entities.push(part.mime);","    entities.push(self.crlf);","    entities.push(self.crlf);","","    if (part.type === 'buffer') {","      entities.push(part.buffer);","      entities.push(self.crlf);","    }","    else {","      entities.push(part.stream);","      entities.push(self.crlf);","    }","  }","","  entities.push(self.dash);","  entities.push(self.boundary);","  entities.push(self.dash);","  entities.push(self.crlf);","","  function write(stream, entities) {","    var entity = entities[0];","    if (entity === undefined) {","      callback(null);","      return;","    }","    try {","      if (entity instanceof Buffer) {","        var buffer = entity;","        if (stream.write(buffer)) {","          write(stream, entities.slice(1));","        }","        else {","          stream.once('drain', function() {","            try {","              write(stream, entities.slice(1));","            }","            catch (err) {","              callback(err);","            }","          });","        }","      }","      else {","        var readableStream = entity;","        var readableStreamOnError = function(err) {","          try { readableStream.removeListener('error', readableStreamOnError) } catch (e) { }","          try { readableStream.removeListener('end', readableStreamOnEnd) } catch (e) { }","          try { readableStream.destroy() } catch (e) { }","          callback(err);","        };","        var readableStreamOnEnd = function() {","          try {","            readableStream.removeListener('error', readableStreamOnError);","            readableStream.removeListener('end', readableStreamOnEnd);","            write(stream, entities.slice(1));","          }","          catch (err) {","            callback(err);","          }","        };","        readableStream.on('error', readableStreamOnError);","        readableStream.on('end', readableStreamOnEnd);","        readableStream.pipe(stream, { end: false });","        readableStream.resume();","      }","    }","    catch (err) {","      callback(err);","    }","  }","","  write(stream, entities);","};","","Multipart.prototype.writeToStream = cb.wrap(Multipart.prototype.writeToStream);","","module.exports = Multipart;","",""],"l":{"2":1,"3":1,"4":1,"5":1,"7":1,"8":0,"10":0,"12":0,"15":1,"16":1,"17":1,"19":1,"20":0,"27":1,"28":0,"29":0,"30":0,"31":0,"32":0,"34":0,"35":0,"36":0,"37":0,"38":0,"42":0,"47":1,"49":1,"50":0,"60":1,"61":0,"62":0,"72":1,"73":0,"74":0,"77":1,"79":1,"80":0,"81":0,"82":0,"83":0,"86":1,"87":1,"88":1,"89":1,"90":1,"92":1,"94":0,"95":0,"96":0,"100":0,"103":0,"104":0,"108":0,"110":0,"115":0,"117":0,"120":0,"125":0,"128":1,"129":0,"130":0,"132":0,"134":0,"135":0,"137":0,"138":0,"139":0,"141":0,"142":0,"143":0,"144":0,"145":0,"146":0,"147":0,"149":0,"151":0,"152":0,"153":0,"154":0,"156":0,"157":0,"158":0,"161":0,"162":0,"166":0,"167":0,"168":0,"169":0,"171":1,"172":0,"173":0,"174":0,"175":0,"177":0,"178":0,"179":0,"180":0,"181":0,"184":0,"185":0,"186":0,"189":0,"195":0,"196":0,"197":0,"198":0,"199":0,"200":0,"202":0,"203":0,"204":0,"205":0,"206":0,"209":0,"212":0,"213":0,"214":0,"215":0,"219":0,"223":0,"226":1,"228":1}},"/home/travis/build/npmtest/node-npmtest-facebook-node-sdk/node_modules/facebook-node-sdk/util/create_signed_request.js":{"path":"/home/travis/build/npmtest/node-npmtest-facebook-node-sdk/node_modules/facebook-node-sdk/util/create_signed_request.js","s":{"1":2,"2":2,"3":2,"4":2,"5":0,"6":0,"7":1,"8":0,"9":0,"10":0,"11":0,"12":0,"13":0,"14":1,"15":0,"16":0,"17":0,"18":0,"19":1,"20":0,"21":0},"b":{},"f":{"1":0,"2":0,"3":0},"fnMap":{"1":{"name":"createSignedRequest","line":10,"loc":{"start":{"line":10,"column":0},"end":{"line":10,"column":43}}},"2":{"name":"encodeBase64Url","line":21,"loc":{"start":{"line":21,"column":0},"end":{"line":21,"column":30}}},"3":{"name":"base64ToBase64Url","line":28,"loc":{"start":{"line":28,"column":0},"end":{"line":28,"column":35}}}},"statementMap":{"1":{"start":{"line":1,"column":0},"end":{"line":1,"column":27}},"2":{"start":{"line":2,"column":0},"end":{"line":2,"column":31}},"3":{"start":{"line":3,"column":0},"end":{"line":3,"column":31}},"4":{"start":{"line":5,"column":0},"end":{"line":5,"column":80}},"5":{"start":{"line":6,"column":0},"end":{"line":6,"column":43}},"6":{"start":{"line":8,"column":0},"end":{"line":8,"column":78}},"7":{"start":{"line":10,"column":0},"end":{"line":19,"column":1}},"8":{"start":{"line":11,"column":2},"end":{"line":11,"column":38}},"9":{"start":{"line":13,"column":2},"end":{"line":13,"column":49}},"10":{"start":{"line":14,"column":2},"end":{"line":14,"column":23}},"11":{"start":{"line":15,"column":2},"end":{"line":15,"column":41}},"12":{"start":{"line":16,"column":2},"end":{"line":16,"column":45}},"13":{"start":{"line":18,"column":2},"end":{"line":18,"column":36}},"14":{"start":{"line":21,"column":0},"end":{"line":26,"column":1}},"15":{"start":{"line":22,"column":2},"end":{"line":22,"column":39}},"16":{"start":{"line":23,"column":2},"end":{"line":23,"column":41}},"17":{"start":{"line":24,"column":2},"end":{"line":24,"column":44}},"18":{"start":{"line":25,"column":2},"end":{"line":25,"column":19}},"19":{"start":{"line":28,"column":0},"end":{"line":31,"column":1}},"20":{"start":{"line":29,"column":2},"end":{"line":29,"column":83}},"21":{"start":{"line":30,"column":2},"end":{"line":30,"column":19}}},"branchMap":{},"code":["var util = require('util');","var crypto = require('crypto');","var assert = require('assert');","","assert.equal(process.argv.length, 3, 'Command line arguments length must be 3');","assert.ok('TEST_FB_SECRET' in process.env);","","console.log(createSignedRequest(process.argv[2], process.env.TEST_FB_SECRET));","","function createSignedRequest(json, secret) {","  var payload = encodeBase64Url(json);","","  var hmac = crypto.createHmac('sha256', secret);","  hmac.update(payload);","  var encodedSig = hmac.digest('base64');","  encodedSig = base64ToBase64Url(encodedSig);","","  return encodedSig + '.' + payload;","}","","function encodeBase64Url(str) {","  var buffer = new Buffer(str, 'utf8');","  var base64 = buffer.toString('base64');","  var base64url = base64ToBase64Url(base64);","  return base64url;","}","","function base64ToBase64Url(base64) {","  var base64url = base64.replace(/\\+/g, '-').replace(/\\//g, '_').replace(/=/g, '');","  return base64url;","}","",""],"l":{"1":2,"2":2,"3":2,"5":2,"6":0,"8":0,"10":1,"11":0,"13":0,"14":0,"15":0,"16":0,"18":0,"21":1,"22":0,"23":0,"24":0,"25":0,"28":1,"29":0,"30":0}}}